2025-11-17 19:35:45,816 INFO o.a.j.u.JMeterUtils: Setting Locale to en_EN
2025-11-17 19:35:45,833 INFO o.a.j.JMeter: Loading user properties from: C:\Tools\apache-jmeter-5.6.3\bin\user.properties
2025-11-17 19:35:45,834 INFO o.a.j.JMeter: Loading system properties from: C:\Tools\apache-jmeter-5.6.3\bin\system.properties
2025-11-17 19:35:45,834 INFO o.a.j.JMeter: Loading additional properties from: backend\tests\jmeter\props\load-test.properties
2025-11-17 19:35:45,840 INFO o.a.j.JMeter: Copyright (c) 1998-2024 The Apache Software Foundation
2025-11-17 19:35:45,840 INFO o.a.j.JMeter: Version 5.6.3
2025-11-17 19:35:45,840 INFO o.a.j.JMeter: java.version=11.0.29
2025-11-17 19:35:45,840 INFO o.a.j.JMeter: java.vm.name=OpenJDK 64-Bit Server VM
2025-11-17 19:35:45,840 INFO o.a.j.JMeter: os.name=Windows 10
2025-11-17 19:35:45,840 INFO o.a.j.JMeter: os.arch=amd64
2025-11-17 19:35:45,840 INFO o.a.j.JMeter: os.version=10.0
2025-11-17 19:35:45,840 INFO o.a.j.JMeter: file.encoding=Cp1252
2025-11-17 19:35:45,840 INFO o.a.j.JMeter: java.awt.headless=true
2025-11-17 19:35:45,840 INFO o.a.j.JMeter: Max memory     =1073741824
2025-11-17 19:35:45,840 INFO o.a.j.JMeter: Available Processors =16
2025-11-17 19:35:45,847 INFO o.a.j.JMeter: Default Locale=English (EN)
2025-11-17 19:35:45,848 INFO o.a.j.JMeter: JMeter  Locale=English (EN)
2025-11-17 19:35:45,848 INFO o.a.j.JMeter: JMeterHome=C:\Tools\apache-jmeter-5.6.3
2025-11-17 19:35:45,848 INFO o.a.j.JMeter: user.dir  =C:\Users\JeremiasONunes\Desktop\github\teste-software-univas
2025-11-17 19:35:45,848 INFO o.a.j.JMeter: PWD       =C:\Users\JeremiasONunes\Desktop\github\teste-software-univas
2025-11-17 19:35:45,874 INFO o.a.j.JMeter: IP: 192.168.190.172 Name: DESKTOP-KTB875D FullName: 192.168.190.172
2025-11-17 19:35:45,886 INFO o.a.j.JMeter: Setting property 'jmeter.reportgenerator.outputdir' to:'C:\Users\JeremiasONunes\Desktop\github\teste-software-univas\backend\tests\jmeter\reports\load-tasks'
2025-11-17 19:35:45,888 INFO o.a.j.s.FileServer: Default base='C:\Users\JeremiasONunes\Desktop\github\teste-software-univas'
2025-11-17 19:35:45,889 INFO o.a.j.s.FileServer: Set new base='C:\Users\JeremiasONunes\Desktop\github\teste-software-univas\backend\tests\jmeter\plans'
2025-11-17 19:35:46,043 INFO o.a.j.s.SaveService: Testplan (JMX) version: 2.2. Testlog (JTL) version: 2.2
2025-11-17 19:35:46,062 INFO o.a.j.s.SaveService: Using SaveService properties version 5.0
2025-11-17 19:35:46,064 INFO o.a.j.s.SaveService: Using SaveService properties file encoding UTF-8
2025-11-17 19:35:46,067 INFO o.a.j.s.SaveService: Loading file: backend\tests\jmeter\plans\load-tasks.jmx
2025-11-17 19:35:46,118 INFO o.a.j.p.h.s.HTTPSamplerBase: Parser for text/html is org.apache.jmeter.protocol.http.parser.LagartoBasedHtmlParser
2025-11-17 19:35:46,118 INFO o.a.j.p.h.s.HTTPSamplerBase: Parser for application/xhtml+xml is org.apache.jmeter.protocol.http.parser.LagartoBasedHtmlParser
2025-11-17 19:35:46,118 INFO o.a.j.p.h.s.HTTPSamplerBase: Parser for application/xml is org.apache.jmeter.protocol.http.parser.LagartoBasedHtmlParser
2025-11-17 19:35:46,118 INFO o.a.j.p.h.s.HTTPSamplerBase: Parser for text/xml is org.apache.jmeter.protocol.http.parser.LagartoBasedHtmlParser
2025-11-17 19:35:46,118 INFO o.a.j.p.h.s.HTTPSamplerBase: Parser for text/vnd.wap.wml is org.apache.jmeter.protocol.http.parser.RegexpHTMLParser
2025-11-17 19:35:46,118 INFO o.a.j.p.h.s.HTTPSamplerBase: Parser for text/css is org.apache.jmeter.protocol.http.parser.CssParser
2025-11-17 19:35:46,126 INFO o.a.j.JMeter: Creating summariser <summary>
2025-11-17 19:35:46,136 INFO o.a.j.r.d.ReportGenerator: ReportGenerator will use for Parsing the separator: ','
2025-11-17 19:35:46,136 INFO o.a.j.r.d.ReportGenerator: Will generate report at end of test from  results file: backend\tests\jmeter\results\load-tasks.jtl
2025-11-17 19:35:46,136 INFO o.a.j.r.d.ReportGenerator: Reading report generator properties from: C:\Tools\apache-jmeter-5.6.3\bin\reportgenerator.properties
2025-11-17 19:35:46,136 INFO o.a.j.r.d.ReportGenerator: Merging with JMeter properties
2025-11-17 19:35:46,140 INFO o.a.j.r.c.ReportGeneratorConfiguration: Property 'jmeter.reportgenerator.temp_dir' not found, using default value 'temp' instead.
2025-11-17 19:35:46,142 INFO o.a.j.r.c.ReportGeneratorConfiguration: Property 'jmeter.reportgenerator.apdex_per_transaction' not found, using default value 'null' instead.
2025-11-17 19:35:46,142 INFO o.a.j.r.c.ReportGeneratorConfiguration: apdex_per_transaction is empty, not APDEX per transaction customization
2025-11-17 19:35:46,142 INFO o.a.j.r.c.ReportGeneratorConfiguration: Property 'jmeter.reportgenerator.sample_filter' not found, using default value 'null' instead.
2025-11-17 19:35:46,142 INFO o.a.j.r.c.ReportGeneratorConfiguration: Property 'jmeter.reportgenerator.report_title' not found, using default value 'null' instead.
2025-11-17 19:35:46,142 INFO o.a.j.r.c.ReportGeneratorConfiguration: Property 'jmeter.reportgenerator.start_date' not found, using default value 'null' instead.
2025-11-17 19:35:46,143 INFO o.a.j.r.c.ReportGeneratorConfiguration: Property 'jmeter.reportgenerator.end_date' not found, using default value 'null' instead.
2025-11-17 19:35:46,143 INFO o.a.j.r.c.ReportGeneratorConfiguration: Property 'jmeter.reportgenerator.date_format' not found, using default value 'null' instead.
2025-11-17 19:35:46,143 INFO o.a.j.r.c.ReportGeneratorConfiguration: Will use date range start date: null, end date: null
2025-11-17 19:35:46,146 INFO o.a.j.r.c.ReportGeneratorConfiguration: Property 'jmeter.reportgenerator.graph.totalTPS.exclude_controllers' not found, using default value 'false' instead.
2025-11-17 19:35:46,146 INFO o.a.j.r.c.ReportGeneratorConfiguration: Property 'jmeter.reportgenerator.graph.activeThreadsOverTime.exclude_controllers' not found, using default value 'false' instead.
2025-11-17 19:35:46,146 INFO o.a.j.r.c.ReportGeneratorConfiguration: Property 'jmeter.reportgenerator.graph.timeVsThreads.exclude_controllers' not found, using default value 'false' instead.
2025-11-17 19:35:46,146 INFO o.a.j.r.c.ReportGeneratorConfiguration: Property 'jmeter.reportgenerator.graph.responseTimeDistribution.exclude_controllers' not found, using default value 'false' instead.
2025-11-17 19:35:46,146 INFO o.a.j.r.c.ReportGeneratorConfiguration: Property 'jmeter.reportgenerator.graph.transactionsPerSecond.exclude_controllers' not found, using default value 'false' instead.
2025-11-17 19:35:46,146 INFO o.a.j.r.c.ReportGeneratorConfiguration: Property 'jmeter.reportgenerator.graph.responseTimePercentiles.exclude_controllers' not found, using default value 'false' instead.
2025-11-17 19:35:46,146 INFO o.a.j.r.c.ReportGeneratorConfiguration: Property 'jmeter.reportgenerator.graph.responseTimePercentilesOverTime.exclude_controllers' not found, using default value 'false' instead.
2025-11-17 19:35:46,147 INFO o.a.j.r.c.ReportGeneratorConfiguration: Property 'jmeter.reportgenerator.graph.responseTimesOverTime.exclude_controllers' not found, using default value 'false' instead.
2025-11-17 19:35:46,147 INFO o.a.j.r.c.ReportGeneratorConfiguration: Property 'jmeter.reportgenerator.graph.connectTimeOverTime.exclude_controllers' not found, using default value 'false' instead.
2025-11-17 19:35:46,147 INFO o.a.j.r.c.ReportGeneratorConfiguration: Property 'jmeter.reportgenerator.graph.latenciesOverTime.exclude_controllers' not found, using default value 'false' instead.
2025-11-17 19:35:46,148 INFO o.a.j.r.c.ReportGeneratorConfiguration: Property 'jmeter.reportgenerator.exporter.json.filters_only_sample_series' not found, using default value 'true' instead.
2025-11-17 19:35:46,148 INFO o.a.j.r.c.ReportGeneratorConfiguration: Property 'jmeter.reportgenerator.exporter.json.series_filter' not found, using default value '' instead.
2025-11-17 19:35:46,148 INFO o.a.j.r.c.ReportGeneratorConfiguration: Property 'jmeter.reportgenerator.exporter.json.show_controllers_only' not found, using default value 'false' instead.
2025-11-17 19:35:46,148 INFO o.a.j.r.c.ReportGeneratorConfiguration: Property 'jmeter.reportgenerator.exporter.html.filters_only_sample_series' not found, using default value 'true' instead.
2025-11-17 19:35:46,148 INFO o.a.j.r.c.ReportGeneratorConfiguration: Property 'jmeter.reportgenerator.exporter.html.series_filter' not found, using default value '' instead.
2025-11-17 19:35:46,148 INFO o.a.j.r.c.ReportGeneratorConfiguration: Property 'jmeter.reportgenerator.exporter.html.show_controllers_only' not found, using default value 'false' instead.
2025-11-17 19:35:46,158 INFO o.a.j.e.StandardJMeterEngine: Running the test!
2025-11-17 19:35:46,159 INFO o.a.j.s.SampleEvent: List of sample_variables: []
2025-11-17 19:35:46,159 INFO o.a.j.s.SampleEvent: List of sample_variables: []
2025-11-17 19:35:46,167 INFO o.a.j.e.u.CompoundVariable: Note: Function class names must contain the string: '.functions.'
2025-11-17 19:35:46,167 INFO o.a.j.e.u.CompoundVariable: Note: Function class names must not contain the string: '.gui.'
2025-11-17 19:35:46,410 INFO o.a.j.JMeter: Running test (1763418946410)
2025-11-17 19:35:46,424 INFO o.a.j.e.StandardJMeterEngine: Starting ThreadGroup: 1 : Load Test - 200 Users
2025-11-17 19:35:46,425 INFO o.a.j.e.StandardJMeterEngine: Starting 200 threads for group Load Test - 200 Users.
2025-11-17 19:35:46,425 INFO o.a.j.e.StandardJMeterEngine: Thread will continue on error
2025-11-17 19:35:46,425 INFO o.a.j.t.ThreadGroup: Starting thread group... number=1 threads=200 ramp-up=30 delayedStart=false
2025-11-17 19:35:46,435 INFO o.a.j.t.JMeterThread: Thread started: Load Test - 200 Users 1-1
2025-11-17 19:35:46,459 INFO o.a.j.p.h.s.HTTPHCAbstractImpl: Local host = DESKTOP-KTB875D
2025-11-17 19:35:46,470 INFO o.a.j.p.h.s.HTTPHC4Impl: HTTP request retry count = 0
2025-11-17 19:35:46,472 INFO o.a.j.s.SampleResult: Note: Sample TimeStamps are START times
2025-11-17 19:35:46,473 INFO o.a.j.s.SampleResult: sampleresult.default.encoding is set to UTF-8
2025-11-17 19:35:46,473 INFO o.a.j.s.SampleResult: sampleresult.useNanoTime=true
2025-11-17 19:35:46,473 INFO o.a.j.s.SampleResult: sampleresult.nanoThreadSleep=5000
2025-11-17 19:35:46,480 INFO o.a.j.t.ThreadGroup: Started thread group number 1
2025-11-17 19:35:46,480 INFO o.a.j.e.StandardJMeterEngine: All thread groups have been started
2025-11-17 19:35:46,582 INFO o.a.j.t.JMeterThread: Thread started: Load Test - 200 Users 1-2
2025-11-17 19:35:46,696 INFO o.a.j.t.JMeterThread: Thread is done: Load Test - 200 Users 1-1
2025-11-17 19:35:46,696 INFO o.a.j.t.JMeterThread: Thread is done: Load Test - 200 Users 1-2
2025-11-17 19:35:46,696 INFO o.a.j.t.JMeterThread: Thread finished: Load Test - 200 Users 1-1
2025-11-17 19:35:46,696 INFO o.a.j.t.JMeterThread: Thread finished: Load Test - 200 Users 1-2
2025-11-17 19:35:46,731 INFO o.a.j.t.JMeterThread: Thread started: Load Test - 200 Users 1-3
2025-11-17 19:35:46,745 INFO o.a.j.t.JMeterThread: Thread is done: Load Test - 200 Users 1-3
2025-11-17 19:35:46,745 INFO o.a.j.t.JMeterThread: Thread finished: Load Test - 200 Users 1-3
2025-11-17 19:35:46,880 INFO o.a.j.t.JMeterThread: Thread started: Load Test - 200 Users 1-4
2025-11-17 19:35:46,894 INFO o.a.j.t.JMeterThread: Thread is done: Load Test - 200 Users 1-4
2025-11-17 19:35:46,894 INFO o.a.j.t.JMeterThread: Thread finished: Load Test - 200 Users 1-4
2025-11-17 19:35:47,030 INFO o.a.j.t.JMeterThread: Thread started: Load Test - 200 Users 1-5
2025-11-17 19:35:47,043 INFO o.a.j.t.JMeterThread: Thread is done: Load Test - 200 Users 1-5
2025-11-17 19:35:47,043 INFO o.a.j.t.JMeterThread: Thread finished: Load Test - 200 Users 1-5
2025-11-17 19:35:47,181 INFO o.a.j.t.JMeterThread: Thread started: Load Test - 200 Users 1-6
2025-11-17 19:35:47,192 INFO o.a.j.t.JMeterThread: Thread is done: Load Test - 200 Users 1-6
2025-11-17 19:35:47,192 INFO o.a.j.t.JMeterThread: Thread finished: Load Test - 200 Users 1-6
2025-11-17 19:35:47,331 INFO o.a.j.t.JMeterThread: Thread started: Load Test - 200 Users 1-7
2025-11-17 19:35:47,344 INFO o.a.j.t.JMeterThread: Thread is done: Load Test - 200 Users 1-7
2025-11-17 19:35:47,344 INFO o.a.j.t.JMeterThread: Thread finished: Load Test - 200 Users 1-7
2025-11-17 19:35:47,479 INFO o.a.j.t.JMeterThread: Thread started: Load Test - 200 Users 1-8
2025-11-17 19:35:47,489 INFO o.a.j.t.JMeterThread: Thread is done: Load Test - 200 Users 1-8
2025-11-17 19:35:47,489 INFO o.a.j.t.JMeterThread: Thread finished: Load Test - 200 Users 1-8
2025-11-17 19:35:47,628 INFO o.a.j.t.JMeterThread: Thread started: Load Test - 200 Users 1-9
2025-11-17 19:35:47,640 INFO o.a.j.t.JMeterThread: Thread is done: Load Test - 200 Users 1-9
2025-11-17 19:35:47,640 INFO o.a.j.t.JMeterThread: Thread finished: Load Test - 200 Users 1-9
2025-11-17 19:35:47,777 INFO o.a.j.t.JMeterThread: Thread started: Load Test - 200 Users 1-10
2025-11-17 19:35:47,787 INFO o.a.j.t.JMeterThread: Thread is done: Load Test - 200 Users 1-10
2025-11-17 19:35:47,788 INFO o.a.j.t.JMeterThread: Thread finished: Load Test - 200 Users 1-10
2025-11-17 19:35:47,927 INFO o.a.j.t.JMeterThread: Thread started: Load Test - 200 Users 1-11
2025-11-17 19:35:47,939 INFO o.a.j.t.JMeterThread: Thread is done: Load Test - 200 Users 1-11
2025-11-17 19:35:47,939 INFO o.a.j.t.JMeterThread: Thread finished: Load Test - 200 Users 1-11
2025-11-17 19:35:48,078 INFO o.a.j.t.JMeterThread: Thread started: Load Test - 200 Users 1-12
2025-11-17 19:35:48,089 INFO o.a.j.t.JMeterThread: Thread is done: Load Test - 200 Users 1-12
2025-11-17 19:35:48,089 INFO o.a.j.t.JMeterThread: Thread finished: Load Test - 200 Users 1-12
2025-11-17 19:35:48,227 INFO o.a.j.t.JMeterThread: Thread started: Load Test - 200 Users 1-13
2025-11-17 19:35:48,239 INFO o.a.j.t.JMeterThread: Thread is done: Load Test - 200 Users 1-13
2025-11-17 19:35:48,239 INFO o.a.j.t.JMeterThread: Thread finished: Load Test - 200 Users 1-13
2025-11-17 19:35:48,378 INFO o.a.j.t.JMeterThread: Thread started: Load Test - 200 Users 1-14
2025-11-17 19:35:48,390 INFO o.a.j.t.JMeterThread: Thread is done: Load Test - 200 Users 1-14
2025-11-17 19:35:48,390 INFO o.a.j.t.JMeterThread: Thread finished: Load Test - 200 Users 1-14
2025-11-17 19:35:48,526 INFO o.a.j.t.JMeterThread: Thread started: Load Test - 200 Users 1-15
2025-11-17 19:35:48,537 INFO o.a.j.t.JMeterThread: Thread is done: Load Test - 200 Users 1-15
2025-11-17 19:35:48,537 INFO o.a.j.t.JMeterThread: Thread finished: Load Test - 200 Users 1-15
2025-11-17 19:35:48,675 INFO o.a.j.t.JMeterThread: Thread started: Load Test - 200 Users 1-16
2025-11-17 19:35:48,690 INFO o.a.j.t.JMeterThread: Thread is done: Load Test - 200 Users 1-16
2025-11-17 19:35:48,691 INFO o.a.j.t.JMeterThread: Thread finished: Load Test - 200 Users 1-16
2025-11-17 19:35:48,835 INFO o.a.j.t.JMeterThread: Thread started: Load Test - 200 Users 1-17
2025-11-17 19:35:48,846 INFO o.a.j.t.JMeterThread: Thread is done: Load Test - 200 Users 1-17
2025-11-17 19:35:48,847 INFO o.a.j.t.JMeterThread: Thread finished: Load Test - 200 Users 1-17
2025-11-17 19:35:48,991 INFO o.a.j.t.JMeterThread: Thread started: Load Test - 200 Users 1-18
2025-11-17 19:35:49,003 INFO o.a.j.t.JMeterThread: Thread is done: Load Test - 200 Users 1-18
2025-11-17 19:35:49,003 INFO o.a.j.t.JMeterThread: Thread finished: Load Test - 200 Users 1-18
2025-11-17 19:35:49,126 INFO o.a.j.t.JMeterThread: Thread started: Load Test - 200 Users 1-19
2025-11-17 19:35:49,138 INFO o.a.j.t.JMeterThread: Thread is done: Load Test - 200 Users 1-19
2025-11-17 19:35:49,138 INFO o.a.j.t.JMeterThread: Thread finished: Load Test - 200 Users 1-19
2025-11-17 19:35:49,276 INFO o.a.j.t.JMeterThread: Thread started: Load Test - 200 Users 1-20
2025-11-17 19:35:49,287 INFO o.a.j.t.JMeterThread: Thread is done: Load Test - 200 Users 1-20
2025-11-17 19:35:49,287 INFO o.a.j.t.JMeterThread: Thread finished: Load Test - 200 Users 1-20
2025-11-17 19:35:49,425 INFO o.a.j.t.JMeterThread: Thread started: Load Test - 200 Users 1-21
2025-11-17 19:35:49,436 INFO o.a.j.t.JMeterThread: Thread is done: Load Test - 200 Users 1-21
2025-11-17 19:35:49,436 INFO o.a.j.t.JMeterThread: Thread finished: Load Test - 200 Users 1-21
2025-11-17 19:35:49,576 INFO o.a.j.t.JMeterThread: Thread started: Load Test - 200 Users 1-22
2025-11-17 19:35:49,588 INFO o.a.j.t.JMeterThread: Thread is done: Load Test - 200 Users 1-22
2025-11-17 19:35:49,589 INFO o.a.j.t.JMeterThread: Thread finished: Load Test - 200 Users 1-22
2025-11-17 19:35:49,726 INFO o.a.j.t.JMeterThread: Thread started: Load Test - 200 Users 1-23
2025-11-17 19:35:49,737 INFO o.a.j.t.JMeterThread: Thread is done: Load Test - 200 Users 1-23
2025-11-17 19:35:49,737 INFO o.a.j.t.JMeterThread: Thread finished: Load Test - 200 Users 1-23
2025-11-17 19:35:49,875 INFO o.a.j.t.JMeterThread: Thread started: Load Test - 200 Users 1-24
2025-11-17 19:35:49,887 INFO o.a.j.t.JMeterThread: Thread is done: Load Test - 200 Users 1-24
2025-11-17 19:35:49,887 INFO o.a.j.t.JMeterThread: Thread finished: Load Test - 200 Users 1-24
2025-11-17 19:35:50,025 INFO o.a.j.t.JMeterThread: Thread started: Load Test - 200 Users 1-25
2025-11-17 19:35:50,036 INFO o.a.j.t.JMeterThread: Thread is done: Load Test - 200 Users 1-25
2025-11-17 19:35:50,036 INFO o.a.j.t.JMeterThread: Thread finished: Load Test - 200 Users 1-25
2025-11-17 19:35:50,177 INFO o.a.j.t.JMeterThread: Thread started: Load Test - 200 Users 1-26
2025-11-17 19:35:50,188 INFO o.a.j.t.JMeterThread: Thread is done: Load Test - 200 Users 1-26
2025-11-17 19:35:50,188 INFO o.a.j.t.JMeterThread: Thread finished: Load Test - 200 Users 1-26
2025-11-17 19:35:50,327 INFO o.a.j.t.JMeterThread: Thread started: Load Test - 200 Users 1-27
2025-11-17 19:35:50,339 INFO o.a.j.t.JMeterThread: Thread is done: Load Test - 200 Users 1-27
2025-11-17 19:35:50,339 INFO o.a.j.t.JMeterThread: Thread finished: Load Test - 200 Users 1-27
2025-11-17 19:35:50,476 INFO o.a.j.t.JMeterThread: Thread started: Load Test - 200 Users 1-28
2025-11-17 19:35:50,487 INFO o.a.j.t.JMeterThread: Thread is done: Load Test - 200 Users 1-28
2025-11-17 19:35:50,487 INFO o.a.j.t.JMeterThread: Thread finished: Load Test - 200 Users 1-28
2025-11-17 19:35:50,626 INFO o.a.j.t.JMeterThread: Thread started: Load Test - 200 Users 1-29
2025-11-17 19:35:50,638 INFO o.a.j.t.JMeterThread: Thread is done: Load Test - 200 Users 1-29
2025-11-17 19:35:50,638 INFO o.a.j.t.JMeterThread: Thread finished: Load Test - 200 Users 1-29
2025-11-17 19:35:50,776 INFO o.a.j.t.JMeterThread: Thread started: Load Test - 200 Users 1-30
2025-11-17 19:35:50,787 INFO o.a.j.t.JMeterThread: Thread is done: Load Test - 200 Users 1-30
2025-11-17 19:35:50,787 INFO o.a.j.t.JMeterThread: Thread finished: Load Test - 200 Users 1-30
2025-11-17 19:35:50,925 INFO o.a.j.t.JMeterThread: Thread started: Load Test - 200 Users 1-31
2025-11-17 19:35:50,937 INFO o.a.j.t.JMeterThread: Thread is done: Load Test - 200 Users 1-31
2025-11-17 19:35:50,937 INFO o.a.j.t.JMeterThread: Thread finished: Load Test - 200 Users 1-31
2025-11-17 19:35:51,076 INFO o.a.j.t.JMeterThread: Thread started: Load Test - 200 Users 1-32
2025-11-17 19:35:51,087 INFO o.a.j.t.JMeterThread: Thread is done: Load Test - 200 Users 1-32
2025-11-17 19:35:51,087 INFO o.a.j.t.JMeterThread: Thread finished: Load Test - 200 Users 1-32
2025-11-17 19:35:51,226 INFO o.a.j.t.JMeterThread: Thread started: Load Test - 200 Users 1-33
2025-11-17 19:35:51,236 INFO o.a.j.t.JMeterThread: Thread is done: Load Test - 200 Users 1-33
2025-11-17 19:35:51,236 INFO o.a.j.t.JMeterThread: Thread finished: Load Test - 200 Users 1-33
2025-11-17 19:35:51,376 INFO o.a.j.t.JMeterThread: Thread started: Load Test - 200 Users 1-34
2025-11-17 19:35:51,387 INFO o.a.j.t.JMeterThread: Thread is done: Load Test - 200 Users 1-34
2025-11-17 19:35:51,387 INFO o.a.j.t.JMeterThread: Thread finished: Load Test - 200 Users 1-34
2025-11-17 19:35:51,526 INFO o.a.j.t.JMeterThread: Thread started: Load Test - 200 Users 1-35
2025-11-17 19:35:51,538 INFO o.a.j.t.JMeterThread: Thread is done: Load Test - 200 Users 1-35
2025-11-17 19:35:51,538 INFO o.a.j.t.JMeterThread: Thread finished: Load Test - 200 Users 1-35
2025-11-17 19:35:51,677 INFO o.a.j.t.JMeterThread: Thread started: Load Test - 200 Users 1-36
2025-11-17 19:35:51,689 INFO o.a.j.t.JMeterThread: Thread is done: Load Test - 200 Users 1-36
2025-11-17 19:35:51,689 INFO o.a.j.t.JMeterThread: Thread finished: Load Test - 200 Users 1-36
2025-11-17 19:35:51,826 INFO o.a.j.t.JMeterThread: Thread started: Load Test - 200 Users 1-37
2025-11-17 19:35:51,838 INFO o.a.j.t.JMeterThread: Thread is done: Load Test - 200 Users 1-37
2025-11-17 19:35:51,838 INFO o.a.j.t.JMeterThread: Thread finished: Load Test - 200 Users 1-37
2025-11-17 19:35:51,977 INFO o.a.j.t.JMeterThread: Thread started: Load Test - 200 Users 1-38
2025-11-17 19:35:51,989 INFO o.a.j.t.JMeterThread: Thread is done: Load Test - 200 Users 1-38
2025-11-17 19:35:51,989 INFO o.a.j.t.JMeterThread: Thread finished: Load Test - 200 Users 1-38
2025-11-17 19:35:52,127 INFO o.a.j.t.JMeterThread: Thread started: Load Test - 200 Users 1-39
2025-11-17 19:35:52,137 INFO o.a.j.t.JMeterThread: Thread is done: Load Test - 200 Users 1-39
2025-11-17 19:35:52,137 INFO o.a.j.t.JMeterThread: Thread finished: Load Test - 200 Users 1-39
2025-11-17 19:35:52,280 INFO o.a.j.t.JMeterThread: Thread started: Load Test - 200 Users 1-40
2025-11-17 19:35:52,291 INFO o.a.j.t.JMeterThread: Thread is done: Load Test - 200 Users 1-40
2025-11-17 19:35:52,291 INFO o.a.j.t.JMeterThread: Thread finished: Load Test - 200 Users 1-40
2025-11-17 19:35:52,426 INFO o.a.j.t.JMeterThread: Thread started: Load Test - 200 Users 1-41
2025-11-17 19:35:52,437 INFO o.a.j.t.JMeterThread: Thread is done: Load Test - 200 Users 1-41
2025-11-17 19:35:52,437 INFO o.a.j.t.JMeterThread: Thread finished: Load Test - 200 Users 1-41
2025-11-17 19:35:52,576 INFO o.a.j.t.JMeterThread: Thread started: Load Test - 200 Users 1-42
2025-11-17 19:35:52,587 INFO o.a.j.t.JMeterThread: Thread is done: Load Test - 200 Users 1-42
2025-11-17 19:35:52,587 INFO o.a.j.t.JMeterThread: Thread finished: Load Test - 200 Users 1-42
2025-11-17 19:35:52,725 INFO o.a.j.t.JMeterThread: Thread started: Load Test - 200 Users 1-43
2025-11-17 19:35:52,739 INFO o.a.j.t.JMeterThread: Thread is done: Load Test - 200 Users 1-43
2025-11-17 19:35:52,739 INFO o.a.j.t.JMeterThread: Thread finished: Load Test - 200 Users 1-43
2025-11-17 19:35:52,875 INFO o.a.j.t.JMeterThread: Thread started: Load Test - 200 Users 1-44
2025-11-17 19:35:52,885 INFO o.a.j.t.JMeterThread: Thread is done: Load Test - 200 Users 1-44
2025-11-17 19:35:52,885 INFO o.a.j.t.JMeterThread: Thread finished: Load Test - 200 Users 1-44
2025-11-17 19:35:53,026 INFO o.a.j.t.JMeterThread: Thread started: Load Test - 200 Users 1-45
2025-11-17 19:35:53,037 INFO o.a.j.t.JMeterThread: Thread is done: Load Test - 200 Users 1-45
2025-11-17 19:35:53,037 INFO o.a.j.t.JMeterThread: Thread finished: Load Test - 200 Users 1-45
2025-11-17 19:35:53,176 INFO o.a.j.t.JMeterThread: Thread started: Load Test - 200 Users 1-46
2025-11-17 19:35:53,187 INFO o.a.j.t.JMeterThread: Thread is done: Load Test - 200 Users 1-46
2025-11-17 19:35:53,187 INFO o.a.j.t.JMeterThread: Thread finished: Load Test - 200 Users 1-46
2025-11-17 19:35:53,326 INFO o.a.j.t.JMeterThread: Thread started: Load Test - 200 Users 1-47
2025-11-17 19:35:53,337 INFO o.a.j.t.JMeterThread: Thread is done: Load Test - 200 Users 1-47
2025-11-17 19:35:53,337 INFO o.a.j.t.JMeterThread: Thread finished: Load Test - 200 Users 1-47
2025-11-17 19:35:53,475 INFO o.a.j.t.JMeterThread: Thread started: Load Test - 200 Users 1-48
2025-11-17 19:35:53,492 INFO o.a.j.t.JMeterThread: Thread is done: Load Test - 200 Users 1-48
2025-11-17 19:35:53,492 INFO o.a.j.t.JMeterThread: Thread finished: Load Test - 200 Users 1-48
2025-11-17 19:35:53,626 INFO o.a.j.t.JMeterThread: Thread started: Load Test - 200 Users 1-49
2025-11-17 19:35:53,638 INFO o.a.j.t.JMeterThread: Thread is done: Load Test - 200 Users 1-49
2025-11-17 19:35:53,638 INFO o.a.j.t.JMeterThread: Thread finished: Load Test - 200 Users 1-49
2025-11-17 19:35:53,776 INFO o.a.j.t.JMeterThread: Thread started: Load Test - 200 Users 1-50
2025-11-17 19:35:53,787 INFO o.a.j.t.JMeterThread: Thread is done: Load Test - 200 Users 1-50
2025-11-17 19:35:53,787 INFO o.a.j.t.JMeterThread: Thread finished: Load Test - 200 Users 1-50
2025-11-17 19:35:53,926 INFO o.a.j.t.JMeterThread: Thread started: Load Test - 200 Users 1-51
2025-11-17 19:35:53,939 INFO o.a.j.t.JMeterThread: Thread is done: Load Test - 200 Users 1-51
2025-11-17 19:35:53,939 INFO o.a.j.t.JMeterThread: Thread finished: Load Test - 200 Users 1-51
2025-11-17 19:35:54,075 INFO o.a.j.t.JMeterThread: Thread started: Load Test - 200 Users 1-52
2025-11-17 19:35:54,085 INFO o.a.j.t.JMeterThread: Thread is done: Load Test - 200 Users 1-52
2025-11-17 19:35:54,085 INFO o.a.j.t.JMeterThread: Thread finished: Load Test - 200 Users 1-52
2025-11-17 19:35:54,226 INFO o.a.j.t.JMeterThread: Thread started: Load Test - 200 Users 1-53
2025-11-17 19:35:54,237 INFO o.a.j.t.JMeterThread: Thread is done: Load Test - 200 Users 1-53
2025-11-17 19:35:54,237 INFO o.a.j.t.JMeterThread: Thread finished: Load Test - 200 Users 1-53
2025-11-17 19:35:54,375 INFO o.a.j.t.JMeterThread: Thread started: Load Test - 200 Users 1-54
2025-11-17 19:35:54,386 INFO o.a.j.t.JMeterThread: Thread is done: Load Test - 200 Users 1-54
2025-11-17 19:35:54,386 INFO o.a.j.t.JMeterThread: Thread finished: Load Test - 200 Users 1-54
2025-11-17 19:35:54,525 INFO o.a.j.t.JMeterThread: Thread started: Load Test - 200 Users 1-55
2025-11-17 19:35:54,535 INFO o.a.j.t.JMeterThread: Thread is done: Load Test - 200 Users 1-55
2025-11-17 19:35:54,535 INFO o.a.j.t.JMeterThread: Thread finished: Load Test - 200 Users 1-55
2025-11-17 19:35:54,676 INFO o.a.j.t.JMeterThread: Thread started: Load Test - 200 Users 1-56
2025-11-17 19:35:54,686 INFO o.a.j.t.JMeterThread: Thread is done: Load Test - 200 Users 1-56
2025-11-17 19:35:54,686 INFO o.a.j.t.JMeterThread: Thread finished: Load Test - 200 Users 1-56
2025-11-17 19:35:54,826 INFO o.a.j.t.JMeterThread: Thread started: Load Test - 200 Users 1-57
2025-11-17 19:35:54,837 INFO o.a.j.t.JMeterThread: Thread is done: Load Test - 200 Users 1-57
2025-11-17 19:35:54,838 INFO o.a.j.t.JMeterThread: Thread finished: Load Test - 200 Users 1-57
2025-11-17 19:35:54,976 INFO o.a.j.t.JMeterThread: Thread started: Load Test - 200 Users 1-58
2025-11-17 19:35:54,987 INFO o.a.j.t.JMeterThread: Thread is done: Load Test - 200 Users 1-58
2025-11-17 19:35:54,988 INFO o.a.j.t.JMeterThread: Thread finished: Load Test - 200 Users 1-58
2025-11-17 19:35:55,125 INFO o.a.j.t.JMeterThread: Thread started: Load Test - 200 Users 1-59
2025-11-17 19:35:55,135 INFO o.a.j.t.JMeterThread: Thread is done: Load Test - 200 Users 1-59
2025-11-17 19:35:55,135 INFO o.a.j.t.JMeterThread: Thread finished: Load Test - 200 Users 1-59
2025-11-17 19:35:55,275 INFO o.a.j.t.JMeterThread: Thread started: Load Test - 200 Users 1-60
2025-11-17 19:35:55,286 INFO o.a.j.t.JMeterThread: Thread is done: Load Test - 200 Users 1-60
2025-11-17 19:35:55,286 INFO o.a.j.t.JMeterThread: Thread finished: Load Test - 200 Users 1-60
2025-11-17 19:35:55,426 INFO o.a.j.t.JMeterThread: Thread started: Load Test - 200 Users 1-61
2025-11-17 19:35:55,437 INFO o.a.j.t.JMeterThread: Thread is done: Load Test - 200 Users 1-61
2025-11-17 19:35:55,437 INFO o.a.j.t.JMeterThread: Thread finished: Load Test - 200 Users 1-61
2025-11-17 19:35:55,576 INFO o.a.j.t.JMeterThread: Thread started: Load Test - 200 Users 1-62
2025-11-17 19:35:55,586 INFO o.a.j.t.JMeterThread: Thread is done: Load Test - 200 Users 1-62
2025-11-17 19:35:55,586 INFO o.a.j.t.JMeterThread: Thread finished: Load Test - 200 Users 1-62
2025-11-17 19:35:55,725 INFO o.a.j.t.JMeterThread: Thread started: Load Test - 200 Users 1-63
2025-11-17 19:35:55,736 INFO o.a.j.t.JMeterThread: Thread is done: Load Test - 200 Users 1-63
2025-11-17 19:35:55,736 INFO o.a.j.t.JMeterThread: Thread finished: Load Test - 200 Users 1-63
2025-11-17 19:35:55,875 INFO o.a.j.t.JMeterThread: Thread started: Load Test - 200 Users 1-64
2025-11-17 19:35:55,887 INFO o.a.j.t.JMeterThread: Thread is done: Load Test - 200 Users 1-64
2025-11-17 19:35:55,887 INFO o.a.j.t.JMeterThread: Thread finished: Load Test - 200 Users 1-64
2025-11-17 19:35:56,026 INFO o.a.j.t.JMeterThread: Thread started: Load Test - 200 Users 1-65
2025-11-17 19:35:56,039 INFO o.a.j.t.JMeterThread: Thread is done: Load Test - 200 Users 1-65
2025-11-17 19:35:56,039 INFO o.a.j.t.JMeterThread: Thread finished: Load Test - 200 Users 1-65
2025-11-17 19:35:56,176 INFO o.a.j.t.JMeterThread: Thread started: Load Test - 200 Users 1-66
2025-11-17 19:35:56,187 INFO o.a.j.t.JMeterThread: Thread is done: Load Test - 200 Users 1-66
2025-11-17 19:35:56,187 INFO o.a.j.t.JMeterThread: Thread finished: Load Test - 200 Users 1-66
2025-11-17 19:35:56,325 INFO o.a.j.t.JMeterThread: Thread started: Load Test - 200 Users 1-67
2025-11-17 19:35:56,336 INFO o.a.j.t.JMeterThread: Thread is done: Load Test - 200 Users 1-67
2025-11-17 19:35:56,336 INFO o.a.j.t.JMeterThread: Thread finished: Load Test - 200 Users 1-67
2025-11-17 19:35:56,475 INFO o.a.j.t.JMeterThread: Thread started: Load Test - 200 Users 1-68
2025-11-17 19:35:56,486 INFO o.a.j.t.JMeterThread: Thread is done: Load Test - 200 Users 1-68
2025-11-17 19:35:56,486 INFO o.a.j.t.JMeterThread: Thread finished: Load Test - 200 Users 1-68
2025-11-17 19:35:56,625 INFO o.a.j.t.JMeterThread: Thread started: Load Test - 200 Users 1-69
2025-11-17 19:35:56,637 INFO o.a.j.t.JMeterThread: Thread is done: Load Test - 200 Users 1-69
2025-11-17 19:35:56,637 INFO o.a.j.t.JMeterThread: Thread finished: Load Test - 200 Users 1-69
2025-11-17 19:35:56,776 INFO o.a.j.t.JMeterThread: Thread started: Load Test - 200 Users 1-70
2025-11-17 19:35:56,787 INFO o.a.j.t.JMeterThread: Thread is done: Load Test - 200 Users 1-70
2025-11-17 19:35:56,787 INFO o.a.j.t.JMeterThread: Thread finished: Load Test - 200 Users 1-70
2025-11-17 19:35:56,927 INFO o.a.j.t.JMeterThread: Thread started: Load Test - 200 Users 1-71
2025-11-17 19:35:56,938 INFO o.a.j.t.JMeterThread: Thread is done: Load Test - 200 Users 1-71
2025-11-17 19:35:56,938 INFO o.a.j.t.JMeterThread: Thread finished: Load Test - 200 Users 1-71
2025-11-17 19:35:57,077 INFO o.a.j.t.JMeterThread: Thread started: Load Test - 200 Users 1-72
2025-11-17 19:35:57,089 INFO o.a.j.t.JMeterThread: Thread is done: Load Test - 200 Users 1-72
2025-11-17 19:35:57,089 INFO o.a.j.t.JMeterThread: Thread finished: Load Test - 200 Users 1-72
2025-11-17 19:35:57,225 INFO o.a.j.t.JMeterThread: Thread started: Load Test - 200 Users 1-73
2025-11-17 19:35:57,235 INFO o.a.j.t.JMeterThread: Thread is done: Load Test - 200 Users 1-73
2025-11-17 19:35:57,235 INFO o.a.j.t.JMeterThread: Thread finished: Load Test - 200 Users 1-73
2025-11-17 19:35:57,376 INFO o.a.j.t.JMeterThread: Thread started: Load Test - 200 Users 1-74
2025-11-17 19:35:57,387 INFO o.a.j.t.JMeterThread: Thread is done: Load Test - 200 Users 1-74
2025-11-17 19:35:57,387 INFO o.a.j.t.JMeterThread: Thread finished: Load Test - 200 Users 1-74
2025-11-17 19:35:57,526 INFO o.a.j.t.JMeterThread: Thread started: Load Test - 200 Users 1-75
2025-11-17 19:35:57,537 INFO o.a.j.t.JMeterThread: Thread is done: Load Test - 200 Users 1-75
2025-11-17 19:35:57,537 INFO o.a.j.t.JMeterThread: Thread finished: Load Test - 200 Users 1-75
2025-11-17 19:35:57,677 INFO o.a.j.t.JMeterThread: Thread started: Load Test - 200 Users 1-76
2025-11-17 19:35:57,688 INFO o.a.j.t.JMeterThread: Thread is done: Load Test - 200 Users 1-76
2025-11-17 19:35:57,688 INFO o.a.j.t.JMeterThread: Thread finished: Load Test - 200 Users 1-76
2025-11-17 19:35:57,827 INFO o.a.j.t.JMeterThread: Thread started: Load Test - 200 Users 1-77
2025-11-17 19:35:57,837 INFO o.a.j.t.JMeterThread: Thread is done: Load Test - 200 Users 1-77
2025-11-17 19:35:57,837 INFO o.a.j.t.JMeterThread: Thread finished: Load Test - 200 Users 1-77
2025-11-17 19:35:57,976 INFO o.a.j.t.JMeterThread: Thread started: Load Test - 200 Users 1-78
2025-11-17 19:35:57,987 INFO o.a.j.t.JMeterThread: Thread is done: Load Test - 200 Users 1-78
2025-11-17 19:35:57,987 INFO o.a.j.t.JMeterThread: Thread finished: Load Test - 200 Users 1-78
2025-11-17 19:35:58,126 INFO o.a.j.t.JMeterThread: Thread started: Load Test - 200 Users 1-79
2025-11-17 19:35:58,137 INFO o.a.j.t.JMeterThread: Thread is done: Load Test - 200 Users 1-79
2025-11-17 19:35:58,137 INFO o.a.j.t.JMeterThread: Thread finished: Load Test - 200 Users 1-79
2025-11-17 19:35:58,276 INFO o.a.j.t.JMeterThread: Thread started: Load Test - 200 Users 1-80
2025-11-17 19:35:58,286 INFO o.a.j.t.JMeterThread: Thread is done: Load Test - 200 Users 1-80
2025-11-17 19:35:58,286 INFO o.a.j.t.JMeterThread: Thread finished: Load Test - 200 Users 1-80
2025-11-17 19:35:58,426 INFO o.a.j.t.JMeterThread: Thread started: Load Test - 200 Users 1-81
2025-11-17 19:35:58,436 INFO o.a.j.t.JMeterThread: Thread is done: Load Test - 200 Users 1-81
2025-11-17 19:35:58,436 INFO o.a.j.t.JMeterThread: Thread finished: Load Test - 200 Users 1-81
2025-11-17 19:35:58,576 INFO o.a.j.t.JMeterThread: Thread started: Load Test - 200 Users 1-82
2025-11-17 19:35:58,587 INFO o.a.j.t.JMeterThread: Thread is done: Load Test - 200 Users 1-82
2025-11-17 19:35:58,587 INFO o.a.j.t.JMeterThread: Thread finished: Load Test - 200 Users 1-82
2025-11-17 19:35:58,726 INFO o.a.j.t.JMeterThread: Thread started: Load Test - 200 Users 1-83
2025-11-17 19:35:58,737 INFO o.a.j.t.JMeterThread: Thread is done: Load Test - 200 Users 1-83
2025-11-17 19:35:58,737 INFO o.a.j.t.JMeterThread: Thread finished: Load Test - 200 Users 1-83
2025-11-17 19:35:58,875 INFO o.a.j.t.JMeterThread: Thread started: Load Test - 200 Users 1-84
2025-11-17 19:35:58,885 INFO o.a.j.t.JMeterThread: Thread is done: Load Test - 200 Users 1-84
2025-11-17 19:35:58,885 INFO o.a.j.t.JMeterThread: Thread finished: Load Test - 200 Users 1-84
2025-11-17 19:35:59,025 INFO o.a.j.t.JMeterThread: Thread started: Load Test - 200 Users 1-85
2025-11-17 19:35:59,036 INFO o.a.j.t.JMeterThread: Thread is done: Load Test - 200 Users 1-85
2025-11-17 19:35:59,036 INFO o.a.j.t.JMeterThread: Thread finished: Load Test - 200 Users 1-85
2025-11-17 19:35:59,177 INFO o.a.j.t.JMeterThread: Thread started: Load Test - 200 Users 1-86
2025-11-17 19:35:59,189 INFO o.a.j.t.JMeterThread: Thread is done: Load Test - 200 Users 1-86
2025-11-17 19:35:59,189 INFO o.a.j.t.JMeterThread: Thread finished: Load Test - 200 Users 1-86
2025-11-17 19:35:59,326 INFO o.a.j.t.JMeterThread: Thread started: Load Test - 200 Users 1-87
2025-11-17 19:35:59,337 INFO o.a.j.t.JMeterThread: Thread is done: Load Test - 200 Users 1-87
2025-11-17 19:35:59,337 INFO o.a.j.t.JMeterThread: Thread finished: Load Test - 200 Users 1-87
2025-11-17 19:35:59,475 INFO o.a.j.t.JMeterThread: Thread started: Load Test - 200 Users 1-88
2025-11-17 19:35:59,486 INFO o.a.j.t.JMeterThread: Thread is done: Load Test - 200 Users 1-88
2025-11-17 19:35:59,486 INFO o.a.j.t.JMeterThread: Thread finished: Load Test - 200 Users 1-88
2025-11-17 19:35:59,626 INFO o.a.j.t.JMeterThread: Thread started: Load Test - 200 Users 1-89
2025-11-17 19:35:59,636 INFO o.a.j.t.JMeterThread: Thread is done: Load Test - 200 Users 1-89
2025-11-17 19:35:59,636 INFO o.a.j.t.JMeterThread: Thread finished: Load Test - 200 Users 1-89
2025-11-17 19:35:59,775 INFO o.a.j.t.JMeterThread: Thread started: Load Test - 200 Users 1-90
2025-11-17 19:35:59,785 INFO o.a.j.t.JMeterThread: Thread is done: Load Test - 200 Users 1-90
2025-11-17 19:35:59,785 INFO o.a.j.t.JMeterThread: Thread finished: Load Test - 200 Users 1-90
2025-11-17 19:35:59,926 INFO o.a.j.t.JMeterThread: Thread started: Load Test - 200 Users 1-91
2025-11-17 19:35:59,937 INFO o.a.j.t.JMeterThread: Thread is done: Load Test - 200 Users 1-91
2025-11-17 19:35:59,937 INFO o.a.j.t.JMeterThread: Thread finished: Load Test - 200 Users 1-91
2025-11-17 19:36:00,076 INFO o.a.j.t.JMeterThread: Thread started: Load Test - 200 Users 1-92
2025-11-17 19:36:00,082 INFO o.a.j.r.Summariser: summary +    274 in 00:00:14 =   20.0/s Avg:     4 Min:     2 Max:   138 Err:     0 (0.00%) Active: 1 Started: 92 Finished: 91
2025-11-17 19:36:00,088 INFO o.a.j.t.JMeterThread: Thread is done: Load Test - 200 Users 1-92
2025-11-17 19:36:00,088 INFO o.a.j.t.JMeterThread: Thread finished: Load Test - 200 Users 1-92
2025-11-17 19:36:00,226 INFO o.a.j.t.JMeterThread: Thread started: Load Test - 200 Users 1-93
2025-11-17 19:36:00,235 INFO o.a.j.t.JMeterThread: Thread is done: Load Test - 200 Users 1-93
2025-11-17 19:36:00,235 INFO o.a.j.t.JMeterThread: Thread finished: Load Test - 200 Users 1-93
2025-11-17 19:36:00,376 INFO o.a.j.t.JMeterThread: Thread started: Load Test - 200 Users 1-94
2025-11-17 19:36:00,386 INFO o.a.j.t.JMeterThread: Thread is done: Load Test - 200 Users 1-94
2025-11-17 19:36:00,386 INFO o.a.j.t.JMeterThread: Thread finished: Load Test - 200 Users 1-94
2025-11-17 19:36:00,526 INFO o.a.j.t.JMeterThread: Thread started: Load Test - 200 Users 1-95
2025-11-17 19:36:00,536 INFO o.a.j.t.JMeterThread: Thread is done: Load Test - 200 Users 1-95
2025-11-17 19:36:00,536 INFO o.a.j.t.JMeterThread: Thread finished: Load Test - 200 Users 1-95
2025-11-17 19:36:00,676 INFO o.a.j.t.JMeterThread: Thread started: Load Test - 200 Users 1-96
2025-11-17 19:36:00,687 INFO o.a.j.t.JMeterThread: Thread is done: Load Test - 200 Users 1-96
2025-11-17 19:36:00,687 INFO o.a.j.t.JMeterThread: Thread finished: Load Test - 200 Users 1-96
2025-11-17 19:36:00,827 INFO o.a.j.t.JMeterThread: Thread started: Load Test - 200 Users 1-97
2025-11-17 19:36:00,837 INFO o.a.j.t.JMeterThread: Thread is done: Load Test - 200 Users 1-97
2025-11-17 19:36:00,837 INFO o.a.j.t.JMeterThread: Thread finished: Load Test - 200 Users 1-97
2025-11-17 19:36:00,977 INFO o.a.j.t.JMeterThread: Thread started: Load Test - 200 Users 1-98
2025-11-17 19:36:00,988 INFO o.a.j.t.JMeterThread: Thread is done: Load Test - 200 Users 1-98
2025-11-17 19:36:00,988 INFO o.a.j.t.JMeterThread: Thread finished: Load Test - 200 Users 1-98
2025-11-17 19:36:01,126 INFO o.a.j.t.JMeterThread: Thread started: Load Test - 200 Users 1-99
2025-11-17 19:36:01,136 INFO o.a.j.t.JMeterThread: Thread is done: Load Test - 200 Users 1-99
2025-11-17 19:36:01,136 INFO o.a.j.t.JMeterThread: Thread finished: Load Test - 200 Users 1-99
2025-11-17 19:36:01,276 INFO o.a.j.t.JMeterThread: Thread started: Load Test - 200 Users 1-100
2025-11-17 19:36:01,287 INFO o.a.j.t.JMeterThread: Thread is done: Load Test - 200 Users 1-100
2025-11-17 19:36:01,287 INFO o.a.j.t.JMeterThread: Thread finished: Load Test - 200 Users 1-100
2025-11-17 19:36:01,426 INFO o.a.j.t.JMeterThread: Thread started: Load Test - 200 Users 1-101
2025-11-17 19:36:01,437 INFO o.a.j.t.JMeterThread: Thread is done: Load Test - 200 Users 1-101
2025-11-17 19:36:01,437 INFO o.a.j.t.JMeterThread: Thread finished: Load Test - 200 Users 1-101
2025-11-17 19:36:01,576 INFO o.a.j.t.JMeterThread: Thread started: Load Test - 200 Users 1-102
2025-11-17 19:36:01,586 INFO o.a.j.t.JMeterThread: Thread is done: Load Test - 200 Users 1-102
2025-11-17 19:36:01,586 INFO o.a.j.t.JMeterThread: Thread finished: Load Test - 200 Users 1-102
2025-11-17 19:36:01,726 INFO o.a.j.t.JMeterThread: Thread started: Load Test - 200 Users 1-103
2025-11-17 19:36:01,736 INFO o.a.j.t.JMeterThread: Thread is done: Load Test - 200 Users 1-103
2025-11-17 19:36:01,736 INFO o.a.j.t.JMeterThread: Thread finished: Load Test - 200 Users 1-103
2025-11-17 19:36:01,877 INFO o.a.j.t.JMeterThread: Thread started: Load Test - 200 Users 1-104
2025-11-17 19:36:01,887 INFO o.a.j.t.JMeterThread: Thread is done: Load Test - 200 Users 1-104
2025-11-17 19:36:01,888 INFO o.a.j.t.JMeterThread: Thread finished: Load Test - 200 Users 1-104
2025-11-17 19:36:02,025 INFO o.a.j.t.JMeterThread: Thread started: Load Test - 200 Users 1-105
2025-11-17 19:36:02,035 INFO o.a.j.t.JMeterThread: Thread is done: Load Test - 200 Users 1-105
2025-11-17 19:36:02,035 INFO o.a.j.t.JMeterThread: Thread finished: Load Test - 200 Users 1-105
2025-11-17 19:36:02,176 INFO o.a.j.t.JMeterThread: Thread started: Load Test - 200 Users 1-106
2025-11-17 19:36:02,186 INFO o.a.j.t.JMeterThread: Thread is done: Load Test - 200 Users 1-106
2025-11-17 19:36:02,186 INFO o.a.j.t.JMeterThread: Thread finished: Load Test - 200 Users 1-106
2025-11-17 19:36:02,326 INFO o.a.j.t.JMeterThread: Thread started: Load Test - 200 Users 1-107
2025-11-17 19:36:02,337 INFO o.a.j.t.JMeterThread: Thread is done: Load Test - 200 Users 1-107
2025-11-17 19:36:02,337 INFO o.a.j.t.JMeterThread: Thread finished: Load Test - 200 Users 1-107
2025-11-17 19:36:02,477 INFO o.a.j.t.JMeterThread: Thread started: Load Test - 200 Users 1-108
2025-11-17 19:36:02,487 INFO o.a.j.t.JMeterThread: Thread is done: Load Test - 200 Users 1-108
2025-11-17 19:36:02,487 INFO o.a.j.t.JMeterThread: Thread finished: Load Test - 200 Users 1-108
2025-11-17 19:36:02,627 INFO o.a.j.t.JMeterThread: Thread started: Load Test - 200 Users 1-109
2025-11-17 19:36:02,636 INFO o.a.j.t.JMeterThread: Thread is done: Load Test - 200 Users 1-109
2025-11-17 19:36:02,636 INFO o.a.j.t.JMeterThread: Thread finished: Load Test - 200 Users 1-109
2025-11-17 19:36:02,776 INFO o.a.j.t.JMeterThread: Thread started: Load Test - 200 Users 1-110
2025-11-17 19:36:02,786 INFO o.a.j.t.JMeterThread: Thread is done: Load Test - 200 Users 1-110
2025-11-17 19:36:02,786 INFO o.a.j.t.JMeterThread: Thread finished: Load Test - 200 Users 1-110
2025-11-17 19:36:02,926 INFO o.a.j.t.JMeterThread: Thread started: Load Test - 200 Users 1-111
2025-11-17 19:36:02,935 INFO o.a.j.t.JMeterThread: Thread is done: Load Test - 200 Users 1-111
2025-11-17 19:36:02,935 INFO o.a.j.t.JMeterThread: Thread finished: Load Test - 200 Users 1-111
2025-11-17 19:36:03,076 INFO o.a.j.t.JMeterThread: Thread started: Load Test - 200 Users 1-112
2025-11-17 19:36:03,086 INFO o.a.j.t.JMeterThread: Thread is done: Load Test - 200 Users 1-112
2025-11-17 19:36:03,086 INFO o.a.j.t.JMeterThread: Thread finished: Load Test - 200 Users 1-112
2025-11-17 19:36:03,225 INFO o.a.j.t.JMeterThread: Thread started: Load Test - 200 Users 1-113
2025-11-17 19:36:03,236 INFO o.a.j.t.JMeterThread: Thread is done: Load Test - 200 Users 1-113
2025-11-17 19:36:03,236 INFO o.a.j.t.JMeterThread: Thread finished: Load Test - 200 Users 1-113
2025-11-17 19:36:03,376 INFO o.a.j.t.JMeterThread: Thread started: Load Test - 200 Users 1-114
2025-11-17 19:36:03,386 INFO o.a.j.t.JMeterThread: Thread is done: Load Test - 200 Users 1-114
2025-11-17 19:36:03,386 INFO o.a.j.t.JMeterThread: Thread finished: Load Test - 200 Users 1-114
2025-11-17 19:36:03,526 INFO o.a.j.t.JMeterThread: Thread started: Load Test - 200 Users 1-115
2025-11-17 19:36:03,535 INFO o.a.j.t.JMeterThread: Thread is done: Load Test - 200 Users 1-115
2025-11-17 19:36:03,535 INFO o.a.j.t.JMeterThread: Thread finished: Load Test - 200 Users 1-115
2025-11-17 19:36:03,677 INFO o.a.j.t.JMeterThread: Thread started: Load Test - 200 Users 1-116
2025-11-17 19:36:03,686 INFO o.a.j.t.JMeterThread: Thread is done: Load Test - 200 Users 1-116
2025-11-17 19:36:03,686 INFO o.a.j.t.JMeterThread: Thread finished: Load Test - 200 Users 1-116
2025-11-17 19:36:03,827 INFO o.a.j.t.JMeterThread: Thread started: Load Test - 200 Users 1-117
2025-11-17 19:36:03,838 INFO o.a.j.t.JMeterThread: Thread is done: Load Test - 200 Users 1-117
2025-11-17 19:36:03,838 INFO o.a.j.t.JMeterThread: Thread finished: Load Test - 200 Users 1-117
2025-11-17 19:36:03,976 INFO o.a.j.t.JMeterThread: Thread started: Load Test - 200 Users 1-118
2025-11-17 19:36:03,989 INFO o.a.j.t.JMeterThread: Thread is done: Load Test - 200 Users 1-118
2025-11-17 19:36:03,989 INFO o.a.j.t.JMeterThread: Thread finished: Load Test - 200 Users 1-118
2025-11-17 19:36:04,126 INFO o.a.j.t.JMeterThread: Thread started: Load Test - 200 Users 1-119
2025-11-17 19:36:04,137 INFO o.a.j.t.JMeterThread: Thread is done: Load Test - 200 Users 1-119
2025-11-17 19:36:04,137 INFO o.a.j.t.JMeterThread: Thread finished: Load Test - 200 Users 1-119
2025-11-17 19:36:04,276 INFO o.a.j.t.JMeterThread: Thread started: Load Test - 200 Users 1-120
2025-11-17 19:36:04,290 INFO o.a.j.t.JMeterThread: Thread is done: Load Test - 200 Users 1-120
2025-11-17 19:36:04,290 INFO o.a.j.t.JMeterThread: Thread finished: Load Test - 200 Users 1-120
2025-11-17 19:36:04,426 INFO o.a.j.t.JMeterThread: Thread started: Load Test - 200 Users 1-121
2025-11-17 19:36:04,437 INFO o.a.j.t.JMeterThread: Thread is done: Load Test - 200 Users 1-121
2025-11-17 19:36:04,437 INFO o.a.j.t.JMeterThread: Thread finished: Load Test - 200 Users 1-121
2025-11-17 19:36:04,576 INFO o.a.j.t.JMeterThread: Thread started: Load Test - 200 Users 1-122
2025-11-17 19:36:04,586 INFO o.a.j.t.JMeterThread: Thread is done: Load Test - 200 Users 1-122
2025-11-17 19:36:04,586 INFO o.a.j.t.JMeterThread: Thread finished: Load Test - 200 Users 1-122
2025-11-17 19:36:04,726 INFO o.a.j.t.JMeterThread: Thread started: Load Test - 200 Users 1-123
2025-11-17 19:36:04,737 INFO o.a.j.t.JMeterThread: Thread is done: Load Test - 200 Users 1-123
2025-11-17 19:36:04,738 INFO o.a.j.t.JMeterThread: Thread finished: Load Test - 200 Users 1-123
2025-11-17 19:36:04,875 INFO o.a.j.t.JMeterThread: Thread started: Load Test - 200 Users 1-124
2025-11-17 19:36:04,885 INFO o.a.j.t.JMeterThread: Thread is done: Load Test - 200 Users 1-124
2025-11-17 19:36:04,885 INFO o.a.j.t.JMeterThread: Thread finished: Load Test - 200 Users 1-124
2025-11-17 19:36:05,026 INFO o.a.j.t.JMeterThread: Thread started: Load Test - 200 Users 1-125
2025-11-17 19:36:05,037 INFO o.a.j.t.JMeterThread: Thread is done: Load Test - 200 Users 1-125
2025-11-17 19:36:05,037 INFO o.a.j.t.JMeterThread: Thread finished: Load Test - 200 Users 1-125
2025-11-17 19:36:05,176 INFO o.a.j.t.JMeterThread: Thread started: Load Test - 200 Users 1-126
2025-11-17 19:36:05,184 INFO o.a.j.t.JMeterThread: Thread is done: Load Test - 200 Users 1-126
2025-11-17 19:36:05,184 INFO o.a.j.t.JMeterThread: Thread finished: Load Test - 200 Users 1-126
2025-11-17 19:36:05,327 INFO o.a.j.t.JMeterThread: Thread started: Load Test - 200 Users 1-127
2025-11-17 19:36:05,336 INFO o.a.j.t.JMeterThread: Thread is done: Load Test - 200 Users 1-127
2025-11-17 19:36:05,336 INFO o.a.j.t.JMeterThread: Thread finished: Load Test - 200 Users 1-127
2025-11-17 19:36:05,476 INFO o.a.j.t.JMeterThread: Thread started: Load Test - 200 Users 1-128
2025-11-17 19:36:05,486 INFO o.a.j.t.JMeterThread: Thread is done: Load Test - 200 Users 1-128
2025-11-17 19:36:05,486 INFO o.a.j.t.JMeterThread: Thread finished: Load Test - 200 Users 1-128
2025-11-17 19:36:05,626 INFO o.a.j.t.JMeterThread: Thread started: Load Test - 200 Users 1-129
2025-11-17 19:36:05,640 INFO o.a.j.t.JMeterThread: Thread is done: Load Test - 200 Users 1-129
2025-11-17 19:36:05,640 INFO o.a.j.t.JMeterThread: Thread finished: Load Test - 200 Users 1-129
2025-11-17 19:36:05,776 INFO o.a.j.t.JMeterThread: Thread started: Load Test - 200 Users 1-130
2025-11-17 19:36:05,786 INFO o.a.j.t.JMeterThread: Thread is done: Load Test - 200 Users 1-130
2025-11-17 19:36:05,787 INFO o.a.j.t.JMeterThread: Thread finished: Load Test - 200 Users 1-130
2025-11-17 19:36:05,927 INFO o.a.j.t.JMeterThread: Thread started: Load Test - 200 Users 1-131
2025-11-17 19:36:05,937 INFO o.a.j.t.JMeterThread: Thread is done: Load Test - 200 Users 1-131
2025-11-17 19:36:05,937 INFO o.a.j.t.JMeterThread: Thread finished: Load Test - 200 Users 1-131
2025-11-17 19:36:06,077 INFO o.a.j.t.JMeterThread: Thread started: Load Test - 200 Users 1-132
2025-11-17 19:36:06,086 INFO o.a.j.t.JMeterThread: Thread is done: Load Test - 200 Users 1-132
2025-11-17 19:36:06,086 INFO o.a.j.t.JMeterThread: Thread finished: Load Test - 200 Users 1-132
2025-11-17 19:36:06,226 INFO o.a.j.t.JMeterThread: Thread started: Load Test - 200 Users 1-133
2025-11-17 19:36:06,236 INFO o.a.j.t.JMeterThread: Thread is done: Load Test - 200 Users 1-133
2025-11-17 19:36:06,236 INFO o.a.j.t.JMeterThread: Thread finished: Load Test - 200 Users 1-133
2025-11-17 19:36:06,376 INFO o.a.j.t.JMeterThread: Thread started: Load Test - 200 Users 1-134
2025-11-17 19:36:06,385 INFO o.a.j.t.JMeterThread: Thread is done: Load Test - 200 Users 1-134
2025-11-17 19:36:06,385 INFO o.a.j.t.JMeterThread: Thread finished: Load Test - 200 Users 1-134
2025-11-17 19:36:06,525 INFO o.a.j.t.JMeterThread: Thread started: Load Test - 200 Users 1-135
2025-11-17 19:36:06,535 INFO o.a.j.t.JMeterThread: Thread is done: Load Test - 200 Users 1-135
2025-11-17 19:36:06,535 INFO o.a.j.t.JMeterThread: Thread finished: Load Test - 200 Users 1-135
2025-11-17 19:36:06,676 INFO o.a.j.t.JMeterThread: Thread started: Load Test - 200 Users 1-136
2025-11-17 19:36:06,687 INFO o.a.j.t.JMeterThread: Thread is done: Load Test - 200 Users 1-136
2025-11-17 19:36:06,687 INFO o.a.j.t.JMeterThread: Thread finished: Load Test - 200 Users 1-136
2025-11-17 19:36:06,826 INFO o.a.j.t.JMeterThread: Thread started: Load Test - 200 Users 1-137
2025-11-17 19:36:06,839 INFO o.a.j.t.JMeterThread: Thread is done: Load Test - 200 Users 1-137
2025-11-17 19:36:06,839 INFO o.a.j.t.JMeterThread: Thread finished: Load Test - 200 Users 1-137
2025-11-17 19:36:06,976 INFO o.a.j.t.JMeterThread: Thread started: Load Test - 200 Users 1-138
2025-11-17 19:36:06,987 INFO o.a.j.t.JMeterThread: Thread is done: Load Test - 200 Users 1-138
2025-11-17 19:36:06,988 INFO o.a.j.t.JMeterThread: Thread finished: Load Test - 200 Users 1-138
2025-11-17 19:36:07,125 INFO o.a.j.t.JMeterThread: Thread started: Load Test - 200 Users 1-139
2025-11-17 19:36:07,135 INFO o.a.j.t.JMeterThread: Thread is done: Load Test - 200 Users 1-139
2025-11-17 19:36:07,135 INFO o.a.j.t.JMeterThread: Thread finished: Load Test - 200 Users 1-139
2025-11-17 19:36:07,277 INFO o.a.j.t.JMeterThread: Thread started: Load Test - 200 Users 1-140
2025-11-17 19:36:07,286 INFO o.a.j.t.JMeterThread: Thread is done: Load Test - 200 Users 1-140
2025-11-17 19:36:07,287 INFO o.a.j.t.JMeterThread: Thread finished: Load Test - 200 Users 1-140
2025-11-17 19:36:07,425 INFO o.a.j.t.JMeterThread: Thread started: Load Test - 200 Users 1-141
2025-11-17 19:36:07,436 INFO o.a.j.t.JMeterThread: Thread is done: Load Test - 200 Users 1-141
2025-11-17 19:36:07,436 INFO o.a.j.t.JMeterThread: Thread finished: Load Test - 200 Users 1-141
2025-11-17 19:36:07,576 INFO o.a.j.t.JMeterThread: Thread started: Load Test - 200 Users 1-142
2025-11-17 19:36:07,585 INFO o.a.j.t.JMeterThread: Thread is done: Load Test - 200 Users 1-142
2025-11-17 19:36:07,585 INFO o.a.j.t.JMeterThread: Thread finished: Load Test - 200 Users 1-142
2025-11-17 19:36:07,726 INFO o.a.j.t.JMeterThread: Thread started: Load Test - 200 Users 1-143
2025-11-17 19:36:07,736 INFO o.a.j.t.JMeterThread: Thread is done: Load Test - 200 Users 1-143
2025-11-17 19:36:07,736 INFO o.a.j.t.JMeterThread: Thread finished: Load Test - 200 Users 1-143
2025-11-17 19:36:07,875 INFO o.a.j.t.JMeterThread: Thread started: Load Test - 200 Users 1-144
2025-11-17 19:36:07,887 INFO o.a.j.t.JMeterThread: Thread is done: Load Test - 200 Users 1-144
2025-11-17 19:36:07,887 INFO o.a.j.t.JMeterThread: Thread finished: Load Test - 200 Users 1-144
2025-11-17 19:36:08,027 INFO o.a.j.t.JMeterThread: Thread started: Load Test - 200 Users 1-145
2025-11-17 19:36:08,036 INFO o.a.j.t.JMeterThread: Thread is done: Load Test - 200 Users 1-145
2025-11-17 19:36:08,036 INFO o.a.j.t.JMeterThread: Thread finished: Load Test - 200 Users 1-145
2025-11-17 19:36:08,177 INFO o.a.j.t.JMeterThread: Thread started: Load Test - 200 Users 1-146
2025-11-17 19:36:08,187 INFO o.a.j.t.JMeterThread: Thread is done: Load Test - 200 Users 1-146
2025-11-17 19:36:08,187 INFO o.a.j.t.JMeterThread: Thread finished: Load Test - 200 Users 1-146
2025-11-17 19:36:08,326 INFO o.a.j.t.JMeterThread: Thread started: Load Test - 200 Users 1-147
2025-11-17 19:36:08,335 INFO o.a.j.t.JMeterThread: Thread is done: Load Test - 200 Users 1-147
2025-11-17 19:36:08,335 INFO o.a.j.t.JMeterThread: Thread finished: Load Test - 200 Users 1-147
2025-11-17 19:36:08,476 INFO o.a.j.t.JMeterThread: Thread started: Load Test - 200 Users 1-148
2025-11-17 19:36:08,485 INFO o.a.j.t.JMeterThread: Thread is done: Load Test - 200 Users 1-148
2025-11-17 19:36:08,485 INFO o.a.j.t.JMeterThread: Thread finished: Load Test - 200 Users 1-148
2025-11-17 19:36:08,625 INFO o.a.j.t.JMeterThread: Thread started: Load Test - 200 Users 1-149
2025-11-17 19:36:08,635 INFO o.a.j.t.JMeterThread: Thread is done: Load Test - 200 Users 1-149
2025-11-17 19:36:08,635 INFO o.a.j.t.JMeterThread: Thread finished: Load Test - 200 Users 1-149
2025-11-17 19:36:08,776 INFO o.a.j.t.JMeterThread: Thread started: Load Test - 200 Users 1-150
2025-11-17 19:36:08,786 INFO o.a.j.t.JMeterThread: Thread is done: Load Test - 200 Users 1-150
2025-11-17 19:36:08,786 INFO o.a.j.t.JMeterThread: Thread finished: Load Test - 200 Users 1-150
2025-11-17 19:36:08,925 INFO o.a.j.t.JMeterThread: Thread started: Load Test - 200 Users 1-151
2025-11-17 19:36:08,936 INFO o.a.j.t.JMeterThread: Thread is done: Load Test - 200 Users 1-151
2025-11-17 19:36:08,936 INFO o.a.j.t.JMeterThread: Thread finished: Load Test - 200 Users 1-151
2025-11-17 19:36:09,076 INFO o.a.j.t.JMeterThread: Thread started: Load Test - 200 Users 1-152
2025-11-17 19:36:09,086 INFO o.a.j.t.JMeterThread: Thread is done: Load Test - 200 Users 1-152
2025-11-17 19:36:09,086 INFO o.a.j.t.JMeterThread: Thread finished: Load Test - 200 Users 1-152
2025-11-17 19:36:09,226 INFO o.a.j.t.JMeterThread: Thread started: Load Test - 200 Users 1-153
2025-11-17 19:36:09,236 INFO o.a.j.t.JMeterThread: Thread is done: Load Test - 200 Users 1-153
2025-11-17 19:36:09,236 INFO o.a.j.t.JMeterThread: Thread finished: Load Test - 200 Users 1-153
2025-11-17 19:36:09,376 INFO o.a.j.t.JMeterThread: Thread started: Load Test - 200 Users 1-154
2025-11-17 19:36:09,386 INFO o.a.j.t.JMeterThread: Thread is done: Load Test - 200 Users 1-154
2025-11-17 19:36:09,386 INFO o.a.j.t.JMeterThread: Thread finished: Load Test - 200 Users 1-154
2025-11-17 19:36:09,526 INFO o.a.j.t.JMeterThread: Thread started: Load Test - 200 Users 1-155
2025-11-17 19:36:09,536 INFO o.a.j.t.JMeterThread: Thread is done: Load Test - 200 Users 1-155
2025-11-17 19:36:09,536 INFO o.a.j.t.JMeterThread: Thread finished: Load Test - 200 Users 1-155
2025-11-17 19:36:09,675 INFO o.a.j.t.JMeterThread: Thread started: Load Test - 200 Users 1-156
2025-11-17 19:36:09,685 INFO o.a.j.t.JMeterThread: Thread is done: Load Test - 200 Users 1-156
2025-11-17 19:36:09,685 INFO o.a.j.t.JMeterThread: Thread finished: Load Test - 200 Users 1-156
2025-11-17 19:36:09,826 INFO o.a.j.t.JMeterThread: Thread started: Load Test - 200 Users 1-157
2025-11-17 19:36:09,836 INFO o.a.j.t.JMeterThread: Thread is done: Load Test - 200 Users 1-157
2025-11-17 19:36:09,836 INFO o.a.j.t.JMeterThread: Thread finished: Load Test - 200 Users 1-157
2025-11-17 19:36:09,976 INFO o.a.j.t.JMeterThread: Thread started: Load Test - 200 Users 1-158
2025-11-17 19:36:09,987 INFO o.a.j.t.JMeterThread: Thread is done: Load Test - 200 Users 1-158
2025-11-17 19:36:09,987 INFO o.a.j.t.JMeterThread: Thread finished: Load Test - 200 Users 1-158
2025-11-17 19:36:10,127 INFO o.a.j.t.JMeterThread: Thread started: Load Test - 200 Users 1-159
2025-11-17 19:36:10,137 INFO o.a.j.t.JMeterThread: Thread is done: Load Test - 200 Users 1-159
2025-11-17 19:36:10,137 INFO o.a.j.t.JMeterThread: Thread finished: Load Test - 200 Users 1-159
2025-11-17 19:36:10,275 INFO o.a.j.t.JMeterThread: Thread started: Load Test - 200 Users 1-160
2025-11-17 19:36:10,285 INFO o.a.j.t.JMeterThread: Thread is done: Load Test - 200 Users 1-160
2025-11-17 19:36:10,285 INFO o.a.j.t.JMeterThread: Thread finished: Load Test - 200 Users 1-160
2025-11-17 19:36:10,426 INFO o.a.j.t.JMeterThread: Thread started: Load Test - 200 Users 1-161
2025-11-17 19:36:10,437 INFO o.a.j.t.JMeterThread: Thread is done: Load Test - 200 Users 1-161
2025-11-17 19:36:10,437 INFO o.a.j.t.JMeterThread: Thread finished: Load Test - 200 Users 1-161
2025-11-17 19:36:10,576 INFO o.a.j.t.JMeterThread: Thread started: Load Test - 200 Users 1-162
2025-11-17 19:36:10,585 INFO o.a.j.t.JMeterThread: Thread is done: Load Test - 200 Users 1-162
2025-11-17 19:36:10,585 INFO o.a.j.t.JMeterThread: Thread finished: Load Test - 200 Users 1-162
2025-11-17 19:36:10,726 INFO o.a.j.t.JMeterThread: Thread started: Load Test - 200 Users 1-163
2025-11-17 19:36:10,736 INFO o.a.j.t.JMeterThread: Thread is done: Load Test - 200 Users 1-163
2025-11-17 19:36:10,736 INFO o.a.j.t.JMeterThread: Thread finished: Load Test - 200 Users 1-163
2025-11-17 19:36:10,877 INFO o.a.j.t.JMeterThread: Thread started: Load Test - 200 Users 1-164
2025-11-17 19:36:10,886 INFO o.a.j.t.JMeterThread: Thread is done: Load Test - 200 Users 1-164
2025-11-17 19:36:10,886 INFO o.a.j.t.JMeterThread: Thread finished: Load Test - 200 Users 1-164
2025-11-17 19:36:11,027 INFO o.a.j.t.JMeterThread: Thread started: Load Test - 200 Users 1-165
2025-11-17 19:36:11,036 INFO o.a.j.t.JMeterThread: Thread is done: Load Test - 200 Users 1-165
2025-11-17 19:36:11,036 INFO o.a.j.t.JMeterThread: Thread finished: Load Test - 200 Users 1-165
2025-11-17 19:36:11,176 INFO o.a.j.t.JMeterThread: Thread started: Load Test - 200 Users 1-166
2025-11-17 19:36:11,185 INFO o.a.j.t.JMeterThread: Thread is done: Load Test - 200 Users 1-166
2025-11-17 19:36:11,185 INFO o.a.j.t.JMeterThread: Thread finished: Load Test - 200 Users 1-166
2025-11-17 19:36:11,325 INFO o.a.j.t.JMeterThread: Thread started: Load Test - 200 Users 1-167
2025-11-17 19:36:11,334 INFO o.a.j.t.JMeterThread: Thread is done: Load Test - 200 Users 1-167
2025-11-17 19:36:11,334 INFO o.a.j.t.JMeterThread: Thread finished: Load Test - 200 Users 1-167
2025-11-17 19:36:11,476 INFO o.a.j.t.JMeterThread: Thread started: Load Test - 200 Users 1-168
2025-11-17 19:36:11,486 INFO o.a.j.t.JMeterThread: Thread is done: Load Test - 200 Users 1-168
2025-11-17 19:36:11,486 INFO o.a.j.t.JMeterThread: Thread finished: Load Test - 200 Users 1-168
2025-11-17 19:36:11,626 INFO o.a.j.t.JMeterThread: Thread started: Load Test - 200 Users 1-169
2025-11-17 19:36:11,636 INFO o.a.j.t.JMeterThread: Thread is done: Load Test - 200 Users 1-169
2025-11-17 19:36:11,636 INFO o.a.j.t.JMeterThread: Thread finished: Load Test - 200 Users 1-169
2025-11-17 19:36:11,777 INFO o.a.j.t.JMeterThread: Thread started: Load Test - 200 Users 1-170
2025-11-17 19:36:11,786 INFO o.a.j.t.JMeterThread: Thread is done: Load Test - 200 Users 1-170
2025-11-17 19:36:11,786 INFO o.a.j.t.JMeterThread: Thread finished: Load Test - 200 Users 1-170
2025-11-17 19:36:11,926 INFO o.a.j.t.JMeterThread: Thread started: Load Test - 200 Users 1-171
2025-11-17 19:36:11,938 INFO o.a.j.t.JMeterThread: Thread is done: Load Test - 200 Users 1-171
2025-11-17 19:36:11,938 INFO o.a.j.t.JMeterThread: Thread finished: Load Test - 200 Users 1-171
2025-11-17 19:36:12,075 INFO o.a.j.t.JMeterThread: Thread started: Load Test - 200 Users 1-172
2025-11-17 19:36:12,086 INFO o.a.j.t.JMeterThread: Thread is done: Load Test - 200 Users 1-172
2025-11-17 19:36:12,087 INFO o.a.j.t.JMeterThread: Thread finished: Load Test - 200 Users 1-172
2025-11-17 19:36:12,226 INFO o.a.j.t.JMeterThread: Thread started: Load Test - 200 Users 1-173
2025-11-17 19:36:12,235 INFO o.a.j.t.JMeterThread: Thread is done: Load Test - 200 Users 1-173
2025-11-17 19:36:12,235 INFO o.a.j.t.JMeterThread: Thread finished: Load Test - 200 Users 1-173
2025-11-17 19:36:12,376 INFO o.a.j.t.JMeterThread: Thread started: Load Test - 200 Users 1-174
2025-11-17 19:36:12,385 INFO o.a.j.t.JMeterThread: Thread is done: Load Test - 200 Users 1-174
2025-11-17 19:36:12,385 INFO o.a.j.t.JMeterThread: Thread finished: Load Test - 200 Users 1-174
2025-11-17 19:36:12,543 INFO o.a.j.t.JMeterThread: Thread started: Load Test - 200 Users 1-175
2025-11-17 19:36:12,552 INFO o.a.j.t.JMeterThread: Thread is done: Load Test - 200 Users 1-175
2025-11-17 19:36:12,553 INFO o.a.j.t.JMeterThread: Thread finished: Load Test - 200 Users 1-175
2025-11-17 19:36:12,675 INFO o.a.j.t.JMeterThread: Thread started: Load Test - 200 Users 1-176
2025-11-17 19:36:12,684 INFO o.a.j.t.JMeterThread: Thread is done: Load Test - 200 Users 1-176
2025-11-17 19:36:12,684 INFO o.a.j.t.JMeterThread: Thread finished: Load Test - 200 Users 1-176
2025-11-17 19:36:12,825 INFO o.a.j.t.JMeterThread: Thread started: Load Test - 200 Users 1-177
2025-11-17 19:36:12,834 INFO o.a.j.t.JMeterThread: Thread is done: Load Test - 200 Users 1-177
2025-11-17 19:36:12,834 INFO o.a.j.t.JMeterThread: Thread finished: Load Test - 200 Users 1-177
2025-11-17 19:36:12,975 INFO o.a.j.t.JMeterThread: Thread started: Load Test - 200 Users 1-178
2025-11-17 19:36:12,985 INFO o.a.j.t.JMeterThread: Thread is done: Load Test - 200 Users 1-178
2025-11-17 19:36:12,985 INFO o.a.j.t.JMeterThread: Thread finished: Load Test - 200 Users 1-178
2025-11-17 19:36:13,125 INFO o.a.j.t.JMeterThread: Thread started: Load Test - 200 Users 1-179
2025-11-17 19:36:13,135 INFO o.a.j.t.JMeterThread: Thread is done: Load Test - 200 Users 1-179
2025-11-17 19:36:13,135 INFO o.a.j.t.JMeterThread: Thread finished: Load Test - 200 Users 1-179
2025-11-17 19:36:13,276 INFO o.a.j.t.JMeterThread: Thread started: Load Test - 200 Users 1-180
2025-11-17 19:36:13,286 INFO o.a.j.t.JMeterThread: Thread is done: Load Test - 200 Users 1-180
2025-11-17 19:36:13,286 INFO o.a.j.t.JMeterThread: Thread finished: Load Test - 200 Users 1-180
2025-11-17 19:36:13,427 INFO o.a.j.t.JMeterThread: Thread started: Load Test - 200 Users 1-181
2025-11-17 19:36:13,436 INFO o.a.j.t.JMeterThread: Thread is done: Load Test - 200 Users 1-181
2025-11-17 19:36:13,436 INFO o.a.j.t.JMeterThread: Thread finished: Load Test - 200 Users 1-181
2025-11-17 19:36:13,576 INFO o.a.j.t.JMeterThread: Thread started: Load Test - 200 Users 1-182
2025-11-17 19:36:13,585 INFO o.a.j.t.JMeterThread: Thread is done: Load Test - 200 Users 1-182
2025-11-17 19:36:13,586 INFO o.a.j.t.JMeterThread: Thread finished: Load Test - 200 Users 1-182
2025-11-17 19:36:13,726 INFO o.a.j.t.JMeterThread: Thread started: Load Test - 200 Users 1-183
2025-11-17 19:36:13,737 INFO o.a.j.t.JMeterThread: Thread is done: Load Test - 200 Users 1-183
2025-11-17 19:36:13,737 INFO o.a.j.t.JMeterThread: Thread finished: Load Test - 200 Users 1-183
2025-11-17 19:36:13,876 INFO o.a.j.t.JMeterThread: Thread started: Load Test - 200 Users 1-184
2025-11-17 19:36:13,885 INFO o.a.j.t.JMeterThread: Thread is done: Load Test - 200 Users 1-184
2025-11-17 19:36:13,885 INFO o.a.j.t.JMeterThread: Thread finished: Load Test - 200 Users 1-184
2025-11-17 19:36:14,026 INFO o.a.j.t.JMeterThread: Thread started: Load Test - 200 Users 1-185
2025-11-17 19:36:14,038 INFO o.a.j.t.JMeterThread: Thread is done: Load Test - 200 Users 1-185
2025-11-17 19:36:14,038 INFO o.a.j.t.JMeterThread: Thread finished: Load Test - 200 Users 1-185
2025-11-17 19:36:14,177 INFO o.a.j.t.JMeterThread: Thread started: Load Test - 200 Users 1-186
2025-11-17 19:36:14,186 INFO o.a.j.t.JMeterThread: Thread is done: Load Test - 200 Users 1-186
2025-11-17 19:36:14,186 INFO o.a.j.t.JMeterThread: Thread finished: Load Test - 200 Users 1-186
2025-11-17 19:36:14,327 INFO o.a.j.t.JMeterThread: Thread started: Load Test - 200 Users 1-187
2025-11-17 19:36:14,336 INFO o.a.j.t.JMeterThread: Thread is done: Load Test - 200 Users 1-187
2025-11-17 19:36:14,336 INFO o.a.j.t.JMeterThread: Thread finished: Load Test - 200 Users 1-187
2025-11-17 19:36:14,476 INFO o.a.j.t.JMeterThread: Thread started: Load Test - 200 Users 1-188
2025-11-17 19:36:14,485 INFO o.a.j.t.JMeterThread: Thread is done: Load Test - 200 Users 1-188
2025-11-17 19:36:14,485 INFO o.a.j.t.JMeterThread: Thread finished: Load Test - 200 Users 1-188
2025-11-17 19:36:14,626 INFO o.a.j.t.JMeterThread: Thread started: Load Test - 200 Users 1-189
2025-11-17 19:36:14,635 INFO o.a.j.t.JMeterThread: Thread is done: Load Test - 200 Users 1-189
2025-11-17 19:36:14,635 INFO o.a.j.t.JMeterThread: Thread finished: Load Test - 200 Users 1-189
2025-11-17 19:36:14,775 INFO o.a.j.t.JMeterThread: Thread started: Load Test - 200 Users 1-190
2025-11-17 19:36:14,785 INFO o.a.j.t.JMeterThread: Thread is done: Load Test - 200 Users 1-190
2025-11-17 19:36:14,785 INFO o.a.j.t.JMeterThread: Thread finished: Load Test - 200 Users 1-190
2025-11-17 19:36:14,925 INFO o.a.j.t.JMeterThread: Thread started: Load Test - 200 Users 1-191
2025-11-17 19:36:14,935 INFO o.a.j.t.JMeterThread: Thread is done: Load Test - 200 Users 1-191
2025-11-17 19:36:14,935 INFO o.a.j.t.JMeterThread: Thread finished: Load Test - 200 Users 1-191
2025-11-17 19:36:15,076 INFO o.a.j.t.JMeterThread: Thread started: Load Test - 200 Users 1-192
2025-11-17 19:36:15,086 INFO o.a.j.t.JMeterThread: Thread is done: Load Test - 200 Users 1-192
2025-11-17 19:36:15,086 INFO o.a.j.t.JMeterThread: Thread finished: Load Test - 200 Users 1-192
2025-11-17 19:36:15,225 INFO o.a.j.t.JMeterThread: Thread started: Load Test - 200 Users 1-193
2025-11-17 19:36:15,235 INFO o.a.j.t.JMeterThread: Thread is done: Load Test - 200 Users 1-193
2025-11-17 19:36:15,235 INFO o.a.j.t.JMeterThread: Thread finished: Load Test - 200 Users 1-193
2025-11-17 19:36:15,376 INFO o.a.j.t.JMeterThread: Thread started: Load Test - 200 Users 1-194
2025-11-17 19:36:15,385 INFO o.a.j.t.JMeterThread: Thread is done: Load Test - 200 Users 1-194
2025-11-17 19:36:15,386 INFO o.a.j.t.JMeterThread: Thread finished: Load Test - 200 Users 1-194
2025-11-17 19:36:15,525 INFO o.a.j.t.JMeterThread: Thread started: Load Test - 200 Users 1-195
2025-11-17 19:36:15,534 INFO o.a.j.t.JMeterThread: Thread is done: Load Test - 200 Users 1-195
2025-11-17 19:36:15,534 INFO o.a.j.t.JMeterThread: Thread finished: Load Test - 200 Users 1-195
2025-11-17 19:36:15,675 INFO o.a.j.t.JMeterThread: Thread started: Load Test - 200 Users 1-196
2025-11-17 19:36:15,684 INFO o.a.j.t.JMeterThread: Thread is done: Load Test - 200 Users 1-196
2025-11-17 19:36:15,684 INFO o.a.j.t.JMeterThread: Thread finished: Load Test - 200 Users 1-196
2025-11-17 19:36:15,825 INFO o.a.j.t.JMeterThread: Thread started: Load Test - 200 Users 1-197
2025-11-17 19:36:15,834 INFO o.a.j.t.JMeterThread: Thread is done: Load Test - 200 Users 1-197
2025-11-17 19:36:15,834 INFO o.a.j.t.JMeterThread: Thread finished: Load Test - 200 Users 1-197
2025-11-17 19:36:15,977 INFO o.a.j.t.JMeterThread: Thread started: Load Test - 200 Users 1-198
2025-11-17 19:36:15,986 INFO o.a.j.t.JMeterThread: Thread is done: Load Test - 200 Users 1-198
2025-11-17 19:36:15,986 INFO o.a.j.t.JMeterThread: Thread finished: Load Test - 200 Users 1-198
2025-11-17 19:36:16,126 INFO o.a.j.t.JMeterThread: Thread started: Load Test - 200 Users 1-199
2025-11-17 19:36:16,135 INFO o.a.j.t.JMeterThread: Thread is done: Load Test - 200 Users 1-199
2025-11-17 19:36:16,135 INFO o.a.j.t.JMeterThread: Thread finished: Load Test - 200 Users 1-199
2025-11-17 19:36:16,275 INFO o.a.j.t.JMeterThread: Thread started: Load Test - 200 Users 1-200
2025-11-17 19:36:16,284 INFO o.a.j.t.JMeterThread: Thread is done: Load Test - 200 Users 1-200
2025-11-17 19:36:16,284 INFO o.a.j.t.JMeterThread: Thread finished: Load Test - 200 Users 1-200
2025-11-17 19:36:16,284 INFO o.a.j.e.StandardJMeterEngine: Notifying test listeners of end of test
2025-11-17 19:36:16,285 INFO o.a.j.r.Summariser: summary +    326 in 00:00:16 =   20.1/s Avg:     2 Min:     1 Max:     6 Err:     0 (0.00%) Active: 0 Started: 200 Finished: 200
2025-11-17 19:36:16,285 INFO o.a.j.r.Summariser: summary =    600 in 00:00:30 =   20.1/s Avg:     3 Min:     1 Max:   138 Err:     0 (0.00%)
2025-11-17 19:36:16,286 INFO o.a.j.JMeter: Generating Dashboard
2025-11-17 19:36:16,286 INFO o.a.j.r.d.ReportGenerator: Flushing result collector before report Generation
2025-11-17 19:36:16,294 INFO o.a.j.r.p.NormalizerSampleConsumer: Using format, 'ms', to parse timeStamp field
2025-11-17 19:36:16,534 INFO o.a.j.r.p.AbstractSampleConsumer: class org.apache.jmeter.report.processor.AggregateConsumer#stopProducing(): beginDate produced 0 samples
2025-11-17 19:36:16,534 INFO o.a.j.r.p.AbstractSampleConsumer: class org.apache.jmeter.report.processor.AggregateConsumer#stopProducing(): endDate produced 0 samples
2025-11-17 19:36:16,540 INFO o.a.j.r.p.AbstractSampleConsumer: class org.apache.jmeter.report.processor.ApdexSummaryConsumer#stopProducing(): apdexSummary produced 0 samples
2025-11-17 19:36:16,540 INFO o.a.j.r.p.AbstractSampleConsumer: class org.apache.jmeter.report.processor.RequestsSummaryConsumer#stopProducing(): requestsSummary produced 0 samples
2025-11-17 19:36:16,557 INFO o.a.j.r.p.AbstractSampleConsumer: class org.apache.jmeter.report.processor.StatisticsSummaryConsumer#stopProducing(): statisticsSummary produced 0 samples
2025-11-17 19:36:16,559 INFO o.a.j.r.p.AbstractSampleConsumer: class org.apache.jmeter.report.processor.Top5ErrorsBySamplerConsumer#stopProducing(): top5ErrorsBySampler produced 0 samples
2025-11-17 19:36:16,559 INFO o.a.j.r.p.AbstractSampleConsumer: class org.apache.jmeter.report.processor.ErrorsSummaryConsumer#stopProducing(): errorsSummary produced 0 samples
2025-11-17 19:36:16,559 INFO o.a.j.r.p.AbstractSampleConsumer: class org.apache.jmeter.report.processor.graph.impl.HitsPerSecondGraphConsumer#stopProducing(): hitsPerSecond produced 0 samples
2025-11-17 19:36:16,586 INFO o.a.j.r.p.AbstractSampleConsumer: class org.apache.jmeter.report.processor.graph.impl.LatencyVSRequestGraphConsumer#stopProducing(): latencyVsRequest produced 0 samples
2025-11-17 19:36:16,587 INFO o.a.j.r.p.AbstractSampleConsumer: class org.apache.jmeter.report.processor.graph.impl.SyntheticResponseTimeDistributionGraphConsumer#stopProducing(): syntheticResponseTimeDistribution produced 0 samples
2025-11-17 19:36:16,587 INFO o.a.j.r.p.AbstractSampleConsumer: class org.apache.jmeter.report.processor.graph.impl.BytesThroughputGraphConsumer#stopProducing(): bytesThroughputOverTime produced 0 samples
2025-11-17 19:36:16,587 INFO o.a.j.r.p.AbstractSampleConsumer: class org.apache.jmeter.report.processor.graph.impl.CodesPerSecondGraphConsumer#stopProducing(): codesPerSecond produced 0 samples
2025-11-17 19:36:16,594 INFO o.a.j.r.p.AbstractSampleConsumer: class org.apache.jmeter.report.processor.graph.impl.ResponseTimeVSRequestGraphConsumer#stopProducing(): responseTimeVsRequest produced 0 samples
2025-11-17 19:36:16,595 INFO o.a.j.r.p.AbstractSampleConsumer: class org.apache.jmeter.report.processor.FilterConsumer#stopProducing(): startIntervalControlerFilter produced 4200 samples
2025-11-17 19:36:16,595 INFO o.a.j.r.p.AbstractSampleConsumer: class org.apache.jmeter.report.processor.graph.impl.TotalTPSGraphConsumer#stopProducing(): totalTPS produced 0 samples
2025-11-17 19:36:16,595 INFO o.a.j.r.p.AbstractSampleConsumer: class org.apache.jmeter.report.processor.graph.impl.ActiveThreadsGraphConsumer#stopProducing(): activeThreadsOverTime produced 0 samples
2025-11-17 19:36:16,595 INFO o.a.j.r.p.AbstractSampleConsumer: class org.apache.jmeter.report.processor.graph.impl.TimeVSThreadGraphConsumer#stopProducing(): timeVsThreads produced 0 samples
2025-11-17 19:36:16,595 INFO o.a.j.r.p.AbstractSampleConsumer: class org.apache.jmeter.report.processor.graph.impl.ResponseTimeDistributionGraphConsumer#stopProducing(): responseTimeDistribution produced 0 samples
2025-11-17 19:36:16,595 INFO o.a.j.r.p.AbstractSampleConsumer: class org.apache.jmeter.report.processor.graph.impl.TransactionsPerSecondGraphConsumer#stopProducing(): transactionsPerSecond produced 0 samples
2025-11-17 19:36:16,595 INFO o.a.j.r.p.AbstractSampleConsumer: class org.apache.jmeter.report.processor.graph.impl.ResponseTimePercentilesGraphConsumer#stopProducing(): responseTimePercentiles produced 0 samples
2025-11-17 19:36:16,596 INFO o.a.j.r.p.AbstractSampleConsumer: class org.apache.jmeter.report.processor.graph.impl.ResponseTimePercentilesOverTimeGraphConsumer#stopProducing(): responseTimePercentilesOverTime produced 0 samples
2025-11-17 19:36:16,596 INFO o.a.j.r.p.AbstractSampleConsumer: class org.apache.jmeter.report.processor.graph.impl.ResponseTimeOverTimeGraphConsumer#stopProducing(): responseTimesOverTime produced 0 samples
2025-11-17 19:36:16,596 INFO o.a.j.r.p.AbstractSampleConsumer: class org.apache.jmeter.report.processor.graph.impl.ConnectTimeOverTimeGraphConsumer#stopProducing(): connectTimeOverTime produced 0 samples
2025-11-17 19:36:16,596 INFO o.a.j.r.p.AbstractSampleConsumer: class org.apache.jmeter.report.processor.graph.impl.LatencyOverTimeGraphConsumer#stopProducing(): latenciesOverTime produced 0 samples
2025-11-17 19:36:16,597 INFO o.a.j.r.p.AbstractSampleConsumer: class org.apache.jmeter.report.processor.FilterConsumer#stopProducing(): nameFilter produced 9000 samples
2025-11-17 19:36:16,597 INFO o.a.j.r.p.AbstractSampleConsumer: class org.apache.jmeter.report.processor.FilterConsumer#stopProducing(): dateRangeFilter produced 1800 samples
2025-11-17 19:36:16,597 INFO o.a.j.r.p.AbstractSampleConsumer: class org.apache.jmeter.report.processor.NormalizerSampleConsumer#stopProducing(): normalizer produced 600 samples
2025-11-17 19:36:16,597 INFO o.a.j.r.p.CsvFileSampleSource: produce(): 600 samples produced in 284ms on channel 0
2025-11-17 19:36:16,597 INFO o.a.j.r.d.ReportGenerator: Exporting data using exporter:'json' of className:'org.apache.jmeter.report.dashboard.JsonExporter'
2025-11-17 19:36:16,672 INFO o.a.j.r.d.JsonExporter: Found data for consumer statisticsSummaryin context
2025-11-17 19:36:16,672 INFO o.a.j.r.d.JsonExporter: Creating statistics for overall
2025-11-17 19:36:16,672 INFO o.a.j.r.d.JsonExporter: Creating statistics for other transactions
2025-11-17 19:36:16,672 INFO o.a.j.r.d.JsonExporter: Checking output folder
2025-11-17 19:36:16,672 INFO o.a.j.r.d.JsonExporter: Writing statistics JSON to C:\Users\JeremiasONunes\Desktop\github\teste-software-univas\backend\tests\jmeter\reports\load-tasks\statistics.json
2025-11-17 19:36:16,706 INFO o.a.j.r.d.ReportGenerator: Exporting data using exporter:'html' of className:'org.apache.jmeter.report.dashboard.HtmlTemplateExporter'
2025-11-17 19:36:16,706 INFO o.a.j.r.d.HtmlTemplateExporter: Will generate dashboard in folder: C:\Users\JeremiasONunes\Desktop\github\teste-software-univas\backend\tests\jmeter\reports\load-tasks
2025-11-17 19:36:16,799 INFO o.a.j.r.d.HtmlTemplateExporter: Report will be generated in: C:\Users\JeremiasONunes\Desktop\github\teste-software-univas\backend\tests\jmeter\reports\load-tasks, creating folder structure
2025-11-17 19:36:16,801 INFO o.a.j.r.d.TemplateVisitor: Copying folder from 'C:\Tools\apache-jmeter-5.6.3\bin\report-template' to 'C:\Users\JeremiasONunes\Desktop\github\teste-software-univas\backend\tests\jmeter\reports\load-tasks', got message: C:\Users\JeremiasONunes\Desktop\github\teste-software-univas\backend\tests\jmeter\reports\load-tasks, found non empty folder with following content [C:\Users\JeremiasONunes\Desktop\github\teste-software-univas\backend\tests\jmeter\reports\load-tasks\statistics.json], will be ignored
2025-11-17 19:36:17,069 INFO o.a.j.JMeter: Dashboard generated
