2025-11-17 19:30:35,024 INFO o.a.j.u.JMeterUtils: Setting Locale to en_EN
2025-11-17 19:30:35,043 INFO o.a.j.JMeter: Loading user properties from: C:\Tools\apache-jmeter-5.6.3\bin\user.properties
2025-11-17 19:30:35,043 INFO o.a.j.JMeter: Loading system properties from: C:\Tools\apache-jmeter-5.6.3\bin\system.properties
2025-11-17 19:30:35,043 INFO o.a.j.JMeter: Loading additional properties from: backend/tests/jmeter/props/local.properties
2025-11-17 19:30:35,044 WARN o.a.j.JMeter: Can't find additional property file: backend/tests/jmeter/props/local.properties
java.io.FileNotFoundException: backend\tests\jmeter\props\local.properties (O sistema não pode encontrar o caminho especificado)
	at java.base/java.io.FileInputStream.open0(Native Method) ~[?:?]
	at java.base/java.io.FileInputStream.open(FileInputStream.java:219) ~[?:?]
	at java.base/java.io.FileInputStream.<init>(FileInputStream.java:157) ~[?:?]
	at org.apache.jmeter.JMeter.initializeProperties(JMeter.java:800) [ApacheJMeter_core.jar:5.6.3]
	at org.apache.jmeter.JMeter.start(JMeter.java:379) [ApacheJMeter_core.jar:5.6.3]
	at java.base/jdk.internal.reflect.NativeMethodAccessorImpl.invoke0(Native Method) ~[?:?]
	at java.base/jdk.internal.reflect.NativeMethodAccessorImpl.invoke(NativeMethodAccessorImpl.java:62) ~[?:?]
	at java.base/jdk.internal.reflect.DelegatingMethodAccessorImpl.invoke(DelegatingMethodAccessorImpl.java:43) ~[?:?]
	at java.base/java.lang.reflect.Method.invoke(Method.java:566) ~[?:?]
	at org.apache.jmeter.NewDriver.main(NewDriver.java:259) [ApacheJMeter.jar:5.6.3]
2025-11-17 19:30:35,056 INFO o.a.j.JMeter: Copyright (c) 1998-2024 The Apache Software Foundation
2025-11-17 19:30:35,056 INFO o.a.j.JMeter: Version 5.6.3
2025-11-17 19:30:35,056 INFO o.a.j.JMeter: java.version=11.0.29
2025-11-17 19:30:35,056 INFO o.a.j.JMeter: java.vm.name=OpenJDK 64-Bit Server VM
2025-11-17 19:30:35,056 INFO o.a.j.JMeter: os.name=Windows 10
2025-11-17 19:30:35,056 INFO o.a.j.JMeter: os.arch=amd64
2025-11-17 19:30:35,056 INFO o.a.j.JMeter: os.version=10.0
2025-11-17 19:30:35,056 INFO o.a.j.JMeter: file.encoding=Cp1252
2025-11-17 19:30:35,056 INFO o.a.j.JMeter: java.awt.headless=true
2025-11-17 19:30:35,056 INFO o.a.j.JMeter: Max memory     =1073741824
2025-11-17 19:30:35,056 INFO o.a.j.JMeter: Available Processors =16
2025-11-17 19:30:35,061 INFO o.a.j.JMeter: Default Locale=English (EN)
2025-11-17 19:30:35,061 INFO o.a.j.JMeter: JMeter  Locale=English (EN)
2025-11-17 19:30:35,061 INFO o.a.j.JMeter: JMeterHome=C:\Tools\apache-jmeter-5.6.3
2025-11-17 19:30:35,061 INFO o.a.j.JMeter: user.dir  =C:\Users\JeremiasONunes\Desktop\github\teste-software-univas\backend
2025-11-17 19:30:35,061 INFO o.a.j.JMeter: PWD       =C:\Users\JeremiasONunes\Desktop\github\teste-software-univas\backend
2025-11-17 19:30:35,092 INFO o.a.j.JMeter: IP: 192.168.190.172 Name: DESKTOP-KTB875D FullName: 192.168.190.172
2025-11-17 19:30:35,101 ERROR o.a.j.JMeter: An error occurred: 
java.lang.IllegalArgumentException: Cannot write to 'C:\Users\JeremiasONunes\Desktop\github\teste-software-univas\backend\backend\tests\jmeter\reports\smoke' as folder does not exist and parent folder is not writable
	at org.apache.jorphan.util.JOrphanUtils.canSafelyWriteToFolder(JOrphanUtils.java:672) ~[jorphan.jar:5.6.3]
	at org.apache.jorphan.util.JOrphanUtils.canSafelyWriteToFolder(JOrphanUtils.java:620) ~[jorphan.jar:5.6.3]
	at org.apache.jmeter.JMeter.extractAndSetReportOutputFolder(JMeter.java:542) ~[ApacheJMeter_core.jar:5.6.3]
	at org.apache.jmeter.JMeter.start(JMeter.java:492) [ApacheJMeter_core.jar:5.6.3]
	at java.base/jdk.internal.reflect.NativeMethodAccessorImpl.invoke0(Native Method) ~[?:?]
	at java.base/jdk.internal.reflect.NativeMethodAccessorImpl.invoke(NativeMethodAccessorImpl.java:62) ~[?:?]
	at java.base/jdk.internal.reflect.DelegatingMethodAccessorImpl.invoke(DelegatingMethodAccessorImpl.java:43) ~[?:?]
	at java.base/java.lang.reflect.Method.invoke(Method.java:566) ~[?:?]
	at org.apache.jmeter.NewDriver.main(NewDriver.java:259) [ApacheJMeter.jar:5.6.3]
